{"/Users/petro/Developer/real/presupuestos/src/lib/components/admin/form-shell.model.test.ts": {"path":"/Users/petro/Developer/real/presupuestos/src/lib/components/admin/form-shell.model.test.ts","all":false,"statementMap":{"0":{"start":{"line":1,"column":0},"end":{"line":1,"column":46}},"5":{"start":{"line":6,"column":0},"end":{"line":6,"column":28}},"7":{"start":{"line":8,"column":0},"end":{"line":8,"column":36}},"8":{"start":{"line":9,"column":0},"end":{"line":9,"column":58}},"9":{"start":{"line":10,"column":0},"end":{"line":10,"column":53}},"10":{"start":{"line":11,"column":0},"end":{"line":11,"column":65}},"11":{"start":{"line":12,"column":0},"end":{"line":12,"column":55}},"12":{"start":{"line":13,"column":0},"end":{"line":13,"column":58}},"13":{"start":{"line":14,"column":0},"end":{"line":14,"column":6}},"14":{"start":{"line":15,"column":0},"end":{"line":15,"column":105}},"15":{"start":{"line":16,"column":0},"end":{"line":16,"column":88}},"16":{"start":{"line":17,"column":0},"end":{"line":17,"column":5}},"18":{"start":{"line":19,"column":0},"end":{"line":19,"column":64}},"19":{"start":{"line":20,"column":0},"end":{"line":20,"column":86}},"20":{"start":{"line":21,"column":0},"end":{"line":21,"column":5}},"22":{"start":{"line":23,"column":0},"end":{"line":23,"column":77}},"23":{"start":{"line":24,"column":0},"end":{"line":24,"column":68}},"24":{"start":{"line":25,"column":0},"end":{"line":25,"column":69}},"25":{"start":{"line":26,"column":0},"end":{"line":26,"column":69}},"26":{"start":{"line":27,"column":0},"end":{"line":27,"column":5}},"28":{"start":{"line":29,"column":0},"end":{"line":29,"column":62}},"29":{"start":{"line":30,"column":0},"end":{"line":30,"column":83}},"30":{"start":{"line":31,"column":0},"end":{"line":31,"column":80}},"31":{"start":{"line":32,"column":0},"end":{"line":32,"column":5}},"32":{"start":{"line":33,"column":0},"end":{"line":33,"column":3}}},"s":{"0":1,"5":1,"7":1,"8":1,"9":1,"10":1,"11":1,"12":1,"13":1,"14":1,"15":1,"16":1,"18":1,"19":1,"20":1,"22":1,"23":1,"24":1,"25":1,"26":1,"28":1,"29":1,"30":1,"31":1,"32":1},"branchMap":{"0":{"type":"branch","line":8,"loc":{"start":{"line":8,"column":29},"end":{"line":33,"column":3}},"locations":[{"start":{"line":8,"column":29},"end":{"line":33,"column":3}}]},"1":{"type":"branch","line":9,"loc":{"start":{"line":9,"column":51},"end":{"line":17,"column":3}},"locations":[{"start":{"line":9,"column":51},"end":{"line":17,"column":3}}]},"2":{"type":"branch","line":19,"loc":{"start":{"line":19,"column":57},"end":{"line":21,"column":3}},"locations":[{"start":{"line":19,"column":57},"end":{"line":21,"column":3}}]},"3":{"type":"branch","line":23,"loc":{"start":{"line":23,"column":70},"end":{"line":27,"column":3}},"locations":[{"start":{"line":23,"column":70},"end":{"line":27,"column":3}}]},"4":{"type":"branch","line":29,"loc":{"start":{"line":29,"column":55},"end":{"line":32,"column":3}},"locations":[{"start":{"line":29,"column":55},"end":{"line":32,"column":3}}]}},"b":{"0":[1],"1":[1],"2":[1],"3":[1],"4":[1]},"fnMap":{},"f":{}}
,"/Users/petro/Developer/real/presupuestos/src/lib/components/admin/form-shell.model.ts": {"path":"/Users/petro/Developer/real/presupuestos/src/lib/components/admin/form-shell.model.ts","all":false,"statementMap":{"2":{"start":{"line":3,"column":0},"end":{"line":3,"column":93}},"3":{"start":{"line":4,"column":0},"end":{"line":4,"column":30}},"5":{"start":{"line":6,"column":0},"end":{"line":6,"column":46}},"6":{"start":{"line":7,"column":0},"end":{"line":7,"column":90}},"7":{"start":{"line":8,"column":0},"end":{"line":8,"column":86}},"8":{"start":{"line":9,"column":0},"end":{"line":9,"column":69}},"10":{"start":{"line":11,"column":0},"end":{"line":11,"column":12}},"11":{"start":{"line":12,"column":0},"end":{"line":12,"column":2}},"13":{"start":{"line":14,"column":0},"end":{"line":14,"column":45}},"14":{"start":{"line":15,"column":0},"end":{"line":15,"column":24}},"15":{"start":{"line":16,"column":0},"end":{"line":16,"column":25}},"16":{"start":{"line":17,"column":0},"end":{"line":17,"column":15}},"17":{"start":{"line":18,"column":0},"end":{"line":18,"column":46}},"18":{"start":{"line":19,"column":0},"end":{"line":19,"column":2}},"20":{"start":{"line":21,"column":0},"end":{"line":21,"column":93}},"21":{"start":{"line":22,"column":0},"end":{"line":22,"column":46}},"22":{"start":{"line":23,"column":0},"end":{"line":23,"column":22}},"23":{"start":{"line":24,"column":0},"end":{"line":24,"column":2}}},"s":{"2":1,"3":6,"5":6,"6":6,"7":6,"8":6,"10":1,"11":1,"13":1,"14":3,"15":3,"16":3,"17":3,"18":3,"20":1,"21":2,"22":1,"23":1},"branchMap":{"0":{"type":"branch","line":3,"loc":{"start":{"line":3,"column":39},"end":{"line":12,"column":2}},"locations":[{"start":{"line":3,"column":39},"end":{"line":12,"column":2}}]},"1":{"type":"branch","line":4,"loc":{"start":{"line":4,"column":15},"end":{"line":4,"column":30}},"locations":[{"start":{"line":4,"column":15},"end":{"line":4,"column":30}}]},"2":{"type":"branch","line":4,"loc":{"start":{"line":4,"column":22},"end":{"line":6,"column":33}},"locations":[{"start":{"line":4,"column":22},"end":{"line":6,"column":33}}]},"3":{"type":"branch","line":6,"loc":{"start":{"line":6,"column":26},"end":{"line":6,"column":46}},"locations":[{"start":{"line":6,"column":26},"end":{"line":6,"column":46}}]},"4":{"type":"branch","line":6,"loc":{"start":{"line":6,"column":33},"end":{"line":7,"column":37}},"locations":[{"start":{"line":6,"column":33},"end":{"line":7,"column":37}}]},"5":{"type":"branch","line":7,"loc":{"start":{"line":7,"column":30},"end":{"line":7,"column":90}},"locations":[{"start":{"line":7,"column":30},"end":{"line":7,"column":90}}]},"6":{"type":"branch","line":7,"loc":{"start":{"line":7,"column":37},"end":{"line":8,"column":32}},"locations":[{"start":{"line":7,"column":37},"end":{"line":8,"column":32}}]},"7":{"type":"branch","line":8,"loc":{"start":{"line":8,"column":25},"end":{"line":8,"column":86}},"locations":[{"start":{"line":8,"column":25},"end":{"line":8,"column":86}}]},"8":{"type":"branch","line":8,"loc":{"start":{"line":8,"column":32},"end":{"line":9,"column":34}},"locations":[{"start":{"line":8,"column":32},"end":{"line":9,"column":34}}]},"9":{"type":"branch","line":9,"loc":{"start":{"line":9,"column":27},"end":{"line":12,"column":2}},"locations":[{"start":{"line":9,"column":27},"end":{"line":12,"column":2}}]},"10":{"type":"branch","line":14,"loc":{"start":{"line":14,"column":44},"end":{"line":19,"column":2}},"locations":[{"start":{"line":14,"column":44},"end":{"line":19,"column":2}}]},"11":{"type":"branch","line":18,"loc":{"start":{"line":18,"column":9},"end":{"line":18,"column":46}},"locations":[{"start":{"line":18,"column":9},"end":{"line":18,"column":46}}]},"12":{"type":"branch","line":21,"loc":{"start":{"line":21,"column":35},"end":{"line":24,"column":2}},"locations":[{"start":{"line":21,"column":35},"end":{"line":24,"column":2}}]},"13":{"type":"branch","line":22,"loc":{"start":{"line":22,"column":26},"end":{"line":24,"column":2}},"locations":[{"start":{"line":22,"column":26},"end":{"line":24,"column":2}}]}},"b":{"0":[6],"1":[1],"2":[5],"3":[1],"4":[4],"5":[1],"6":[3],"7":[1],"8":[2],"9":[1],"10":[3],"11":[2],"12":[2],"13":[1]},"fnMap":{"0":{"name":"resolveFormShellMessage","decl":{"start":{"line":3,"column":39},"end":{"line":12,"column":2}},"loc":{"start":{"line":3,"column":39},"end":{"line":12,"column":2}},"line":3},"1":{"name":"resolvePrimaryActionDisabled","decl":{"start":{"line":14,"column":44},"end":{"line":19,"column":2}},"loc":{"start":{"line":14,"column":44},"end":{"line":19,"column":2}},"line":14},"2":{"name":"resolvePrimaryLabel","decl":{"start":{"line":21,"column":35},"end":{"line":24,"column":2}},"loc":{"start":{"line":21,"column":35},"end":{"line":24,"column":2}},"line":21}},"f":{"0":6,"1":3,"2":2}}
,"/Users/petro/Developer/real/presupuestos/src/lib/components/admin/table-shell.model.test.ts": {"path":"/Users/petro/Developer/real/presupuestos/src/lib/components/admin/table-shell.model.test.ts","all":false,"statementMap":{"0":{"start":{"line":1,"column":0},"end":{"line":1,"column":46}},"1":{"start":{"line":2,"column":0},"end":{"line":2,"column":60}},"3":{"start":{"line":4,"column":0},"end":{"line":4,"column":41}},"4":{"start":{"line":5,"column":0},"end":{"line":5,"column":16}},"5":{"start":{"line":6,"column":0},"end":{"line":6,"column":30}},"6":{"start":{"line":7,"column":0},"end":{"line":7,"column":33}},"7":{"start":{"line":8,"column":0},"end":{"line":8,"column":45}},"8":{"start":{"line":9,"column":0},"end":{"line":9,"column":39}},"9":{"start":{"line":10,"column":0},"end":{"line":10,"column":35}},"10":{"start":{"line":11,"column":0},"end":{"line":11,"column":46}},"11":{"start":{"line":12,"column":0},"end":{"line":12,"column":4}},"13":{"start":{"line":14,"column":0},"end":{"line":14,"column":39}},"14":{"start":{"line":15,"column":0},"end":{"line":15,"column":74}},"15":{"start":{"line":16,"column":0},"end":{"line":16,"column":22}},"16":{"start":{"line":17,"column":0},"end":{"line":17,"column":26}},"17":{"start":{"line":18,"column":0},"end":{"line":18,"column":7}},"18":{"start":{"line":19,"column":0},"end":{"line":19,"column":5}},"20":{"start":{"line":21,"column":0},"end":{"line":21,"column":54}},"21":{"start":{"line":22,"column":0},"end":{"line":22,"column":72}},"22":{"start":{"line":23,"column":0},"end":{"line":23,"column":20}},"23":{"start":{"line":24,"column":0},"end":{"line":24,"column":30}},"24":{"start":{"line":25,"column":0},"end":{"line":25,"column":42}},"25":{"start":{"line":26,"column":0},"end":{"line":26,"column":35}},"26":{"start":{"line":27,"column":0},"end":{"line":27,"column":7}},"27":{"start":{"line":28,"column":0},"end":{"line":28,"column":5}},"29":{"start":{"line":30,"column":0},"end":{"line":30,"column":68}},"30":{"start":{"line":31,"column":0},"end":{"line":31,"column":72}},"31":{"start":{"line":32,"column":0},"end":{"line":32,"column":20}},"32":{"start":{"line":33,"column":0},"end":{"line":33,"column":32}},"33":{"start":{"line":34,"column":0},"end":{"line":34,"column":43}},"34":{"start":{"line":35,"column":0},"end":{"line":35,"column":7}},"35":{"start":{"line":36,"column":0},"end":{"line":36,"column":5}},"37":{"start":{"line":38,"column":0},"end":{"line":38,"column":67}},"38":{"start":{"line":39,"column":0},"end":{"line":39,"column":94}},"39":{"start":{"line":40,"column":0},"end":{"line":40,"column":5}},"40":{"start":{"line":41,"column":0},"end":{"line":41,"column":3}}},"s":{"0":1,"1":1,"3":1,"4":1,"5":1,"6":1,"7":1,"8":1,"9":1,"10":1,"11":1,"13":1,"14":1,"15":1,"16":1,"17":1,"18":1,"20":1,"21":1,"22":1,"23":1,"24":1,"25":1,"26":1,"27":1,"29":1,"30":1,"31":1,"32":1,"33":1,"34":1,"35":1,"37":1,"38":1,"39":1,"40":1},"branchMap":{"0":{"type":"branch","line":4,"loc":{"start":{"line":4,"column":34},"end":{"line":41,"column":3}},"locations":[{"start":{"line":4,"column":34},"end":{"line":41,"column":3}}]},"1":{"type":"branch","line":14,"loc":{"start":{"line":14,"column":32},"end":{"line":19,"column":3}},"locations":[{"start":{"line":14,"column":32},"end":{"line":19,"column":3}}]},"2":{"type":"branch","line":21,"loc":{"start":{"line":21,"column":47},"end":{"line":28,"column":3}},"locations":[{"start":{"line":21,"column":47},"end":{"line":28,"column":3}}]},"3":{"type":"branch","line":30,"loc":{"start":{"line":30,"column":61},"end":{"line":36,"column":3}},"locations":[{"start":{"line":30,"column":61},"end":{"line":36,"column":3}}]},"4":{"type":"branch","line":38,"loc":{"start":{"line":38,"column":60},"end":{"line":40,"column":3}},"locations":[{"start":{"line":38,"column":60},"end":{"line":40,"column":3}}]}},"b":{"0":[1],"1":[1],"2":[1],"3":[1],"4":[1]},"fnMap":{},"f":{}}
,"/Users/petro/Developer/real/presupuestos/src/lib/components/admin/table-shell.model.ts": {"path":"/Users/petro/Developer/real/presupuestos/src/lib/components/admin/table-shell.model.ts","all":false,"statementMap":{"18":{"start":{"line":19,"column":0},"end":{"line":19,"column":77}},"19":{"start":{"line":20,"column":0},"end":{"line":20,"column":34}},"20":{"start":{"line":21,"column":0},"end":{"line":21,"column":60}},"21":{"start":{"line":22,"column":0},"end":{"line":22,"column":3}},"23":{"start":{"line":24,"column":0},"end":{"line":24,"column":32}},"24":{"start":{"line":25,"column":0},"end":{"line":25,"column":12}},"25":{"start":{"line":26,"column":0},"end":{"line":26,"column":20}},"26":{"start":{"line":27,"column":0},"end":{"line":27,"column":30}},"27":{"start":{"line":28,"column":0},"end":{"line":28,"column":32}},"28":{"start":{"line":29,"column":0},"end":{"line":29,"column":41}},"29":{"start":{"line":30,"column":0},"end":{"line":30,"column":6}},"30":{"start":{"line":31,"column":0},"end":{"line":31,"column":3}},"32":{"start":{"line":33,"column":0},"end":{"line":33,"column":32}},"33":{"start":{"line":34,"column":0},"end":{"line":34,"column":12}},"34":{"start":{"line":35,"column":0},"end":{"line":35,"column":20}},"35":{"start":{"line":36,"column":0},"end":{"line":36,"column":30}},"36":{"start":{"line":37,"column":0},"end":{"line":37,"column":31}},"37":{"start":{"line":38,"column":0},"end":{"line":38,"column":6}},"38":{"start":{"line":39,"column":0},"end":{"line":39,"column":3}},"40":{"start":{"line":41,"column":0},"end":{"line":41,"column":29}},"41":{"start":{"line":42,"column":0},"end":{"line":42,"column":2}}},"s":{"18":1,"19":4,"20":1,"21":1,"23":4,"24":1,"25":1,"26":1,"27":1,"28":1,"29":1,"30":1,"32":4,"33":1,"34":1,"35":1,"36":1,"37":1,"38":1,"40":1,"41":1},"branchMap":{"0":{"type":"branch","line":19,"loc":{"start":{"line":19,"column":37},"end":{"line":42,"column":2}},"locations":[{"start":{"line":19,"column":37},"end":{"line":42,"column":2}}]},"1":{"type":"branch","line":20,"loc":{"start":{"line":20,"column":33},"end":{"line":22,"column":3}},"locations":[{"start":{"line":20,"column":33},"end":{"line":22,"column":3}}]},"2":{"type":"branch","line":22,"loc":{"start":{"line":22,"column":2},"end":{"line":24,"column":31}},"locations":[{"start":{"line":22,"column":2},"end":{"line":24,"column":31}}]},"3":{"type":"branch","line":24,"loc":{"start":{"line":24,"column":31},"end":{"line":31,"column":3}},"locations":[{"start":{"line":24,"column":31},"end":{"line":31,"column":3}}]},"4":{"type":"branch","line":31,"loc":{"start":{"line":31,"column":2},"end":{"line":33,"column":31}},"locations":[{"start":{"line":31,"column":2},"end":{"line":33,"column":31}}]},"5":{"type":"branch","line":33,"loc":{"start":{"line":33,"column":31},"end":{"line":42,"column":2}},"locations":[{"start":{"line":33,"column":31},"end":{"line":42,"column":2}}]}},"b":{"0":[4],"1":[1],"2":[3],"3":[1],"4":[2],"5":[1]},"fnMap":{"0":{"name":"resolveTableShellView","decl":{"start":{"line":19,"column":37},"end":{"line":42,"column":2}},"loc":{"start":{"line":19,"column":37},"end":{"line":42,"column":2}},"line":19}},"f":{"0":4}}
,"/Users/petro/Developer/real/presupuestos/src/lib/constants/navigation.test.ts": {"path":"/Users/petro/Developer/real/presupuestos/src/lib/constants/navigation.test.ts","all":false,"statementMap":{"0":{"start":{"line":1,"column":0},"end":{"line":1,"column":46}},"1":{"start":{"line":2,"column":0},"end":{"line":2,"column":40}},"2":{"start":{"line":3,"column":0},"end":{"line":3,"column":51}},"4":{"start":{"line":5,"column":0},"end":{"line":5,"column":30}},"5":{"start":{"line":6,"column":0},"end":{"line":6,"column":63}},"6":{"start":{"line":7,"column":0},"end":{"line":7,"column":50}},"7":{"start":{"line":8,"column":0},"end":{"line":8,"column":52}},"9":{"start":{"line":10,"column":0},"end":{"line":10,"column":49}},"10":{"start":{"line":11,"column":0},"end":{"line":11,"column":51}},"11":{"start":{"line":12,"column":0},"end":{"line":12,"column":67}},"12":{"start":{"line":13,"column":0},"end":{"line":13,"column":5}},"14":{"start":{"line":15,"column":0},"end":{"line":15,"column":64}},"15":{"start":{"line":16,"column":0},"end":{"line":16,"column":54}},"16":{"start":{"line":17,"column":0},"end":{"line":17,"column":18}},"17":{"start":{"line":18,"column":0},"end":{"line":18,"column":16}},"18":{"start":{"line":19,"column":0},"end":{"line":19,"column":15}},"19":{"start":{"line":20,"column":0},"end":{"line":20,"column":21}},"20":{"start":{"line":21,"column":0},"end":{"line":21,"column":13}},"21":{"start":{"line":22,"column":0},"end":{"line":22,"column":16}},"22":{"start":{"line":23,"column":0},"end":{"line":23,"column":22}},"23":{"start":{"line":24,"column":0},"end":{"line":24,"column":16}},"24":{"start":{"line":25,"column":0},"end":{"line":25,"column":7}},"25":{"start":{"line":26,"column":0},"end":{"line":26,"column":5}},"27":{"start":{"line":28,"column":0},"end":{"line":28,"column":73}},"28":{"start":{"line":29,"column":0},"end":{"line":29,"column":69}},"29":{"start":{"line":30,"column":0},"end":{"line":30,"column":81}},"30":{"start":{"line":31,"column":0},"end":{"line":31,"column":5}},"31":{"start":{"line":32,"column":0},"end":{"line":32,"column":3}}},"s":{"0":1,"1":1,"2":1,"4":1,"5":1,"6":1,"7":1,"9":1,"10":1,"11":1,"12":1,"14":1,"15":1,"16":1,"17":1,"18":1,"19":1,"20":1,"21":1,"22":1,"23":1,"24":1,"25":1,"27":1,"28":1,"29":1,"30":1,"31":1},"branchMap":{"0":{"type":"branch","line":5,"loc":{"start":{"line":5,"column":23},"end":{"line":32,"column":3}},"locations":[{"start":{"line":5,"column":23},"end":{"line":32,"column":3}}]},"1":{"type":"branch","line":6,"loc":{"start":{"line":6,"column":56},"end":{"line":13,"column":3}},"locations":[{"start":{"line":6,"column":56},"end":{"line":13,"column":3}}]},"2":{"type":"branch","line":7,"loc":{"start":{"line":7,"column":30},"end":{"line":7,"column":48}},"locations":[{"start":{"line":7,"column":30},"end":{"line":7,"column":48}}]},"3":{"type":"branch","line":8,"loc":{"start":{"line":8,"column":31},"end":{"line":8,"column":50}},"locations":[{"start":{"line":8,"column":31},"end":{"line":8,"column":50}}]},"4":{"type":"branch","line":12,"loc":{"start":{"line":12,"column":26},"end":{"line":12,"column":53}},"locations":[{"start":{"line":12,"column":26},"end":{"line":12,"column":53}}]},"5":{"type":"branch","line":15,"loc":{"start":{"line":15,"column":57},"end":{"line":26,"column":3}},"locations":[{"start":{"line":15,"column":57},"end":{"line":26,"column":3}}]},"6":{"type":"branch","line":16,"loc":{"start":{"line":16,"column":24},"end":{"line":16,"column":42}},"locations":[{"start":{"line":16,"column":24},"end":{"line":16,"column":42}}]},"7":{"type":"branch","line":28,"loc":{"start":{"line":28,"column":66},"end":{"line":31,"column":3}},"locations":[{"start":{"line":28,"column":66},"end":{"line":31,"column":3}}]}},"b":{"0":[1],"1":[1],"2":[8],"3":[8],"4":[8],"5":[1],"6":[8],"7":[1]},"fnMap":{},"f":{}}
,"/Users/petro/Developer/real/presupuestos/src/lib/constants/navigation.ts": {"path":"/Users/petro/Developer/real/presupuestos/src/lib/constants/navigation.ts","all":false,"statementMap":{"0":{"start":{"line":1,"column":0},"end":{"line":1,"column":119}},"32":{"start":{"line":33,"column":0},"end":{"line":33,"column":49}},"33":{"start":{"line":34,"column":0},"end":{"line":34,"column":96}},"34":{"start":{"line":35,"column":0},"end":{"line":35,"column":104}},"35":{"start":{"line":36,"column":0},"end":{"line":36,"column":88}},"36":{"start":{"line":37,"column":0},"end":{"line":37,"column":113}},"37":{"start":{"line":38,"column":0},"end":{"line":38,"column":86}},"38":{"start":{"line":39,"column":0},"end":{"line":39,"column":95}},"39":{"start":{"line":40,"column":0},"end":{"line":40,"column":3}},"40":{"start":{"line":41,"column":0},"end":{"line":41,"column":25}},"41":{"start":{"line":42,"column":0},"end":{"line":42,"column":27}},"42":{"start":{"line":43,"column":0},"end":{"line":43,"column":29}},"43":{"start":{"line":44,"column":0},"end":{"line":44,"column":18}},"44":{"start":{"line":45,"column":0},"end":{"line":45,"column":22}},"45":{"start":{"line":46,"column":0},"end":{"line":46,"column":4}},"46":{"start":{"line":47,"column":0},"end":{"line":47,"column":96}},"47":{"start":{"line":48,"column":0},"end":{"line":48,"column":11}}},"s":{"0":1,"32":1,"33":1,"34":1,"35":1,"36":1,"37":1,"38":1,"39":1,"40":1,"41":1,"42":1,"43":1,"44":1,"45":1,"46":1,"47":1},"branchMap":{},"b":{},"fnMap":{},"f":{}}
,"/Users/petro/Developer/real/presupuestos/src/lib/design/tokens.test.ts": {"path":"/Users/petro/Developer/real/presupuestos/src/lib/design/tokens.test.ts","all":false,"statementMap":{"0":{"start":{"line":1,"column":0},"end":{"line":1,"column":46}},"1":{"start":{"line":2,"column":0},"end":{"line":2,"column":34}},"3":{"start":{"line":4,"column":0},"end":{"line":4,"column":35}},"4":{"start":{"line":5,"column":0},"end":{"line":5,"column":12}},"5":{"start":{"line":6,"column":0},"end":{"line":6,"column":12}},"6":{"start":{"line":7,"column":0},"end":{"line":7,"column":12}},"7":{"start":{"line":8,"column":0},"end":{"line":8,"column":12}},"8":{"start":{"line":9,"column":0},"end":{"line":9,"column":12}},"9":{"start":{"line":10,"column":0},"end":{"line":10,"column":11}},"10":{"start":{"line":11,"column":0},"end":{"line":11,"column":3}},"12":{"start":{"line":13,"column":0},"end":{"line":13,"column":56}},"13":{"start":{"line":14,"column":0},"end":{"line":14,"column":48}},"14":{"start":{"line":15,"column":0},"end":{"line":15,"column":53}},"16":{"start":{"line":17,"column":0},"end":{"line":17,"column":83}},"17":{"start":{"line":18,"column":0},"end":{"line":18,"column":2}},"19":{"start":{"line":20,"column":0},"end":{"line":20,"column":35}},"20":{"start":{"line":21,"column":0},"end":{"line":21,"column":42}},"21":{"start":{"line":22,"column":0},"end":{"line":22,"column":49}},"23":{"start":{"line":24,"column":0},"end":{"line":24,"column":10}},"24":{"start":{"line":25,"column":0},"end":{"line":25,"column":28}},"25":{"start":{"line":26,"column":0},"end":{"line":26,"column":27}},"26":{"start":{"line":27,"column":0},"end":{"line":27,"column":19}},"27":{"start":{"line":28,"column":0},"end":{"line":28,"column":4}},"28":{"start":{"line":29,"column":0},"end":{"line":29,"column":2}},"30":{"start":{"line":31,"column":0},"end":{"line":31,"column":81}},"31":{"start":{"line":32,"column":0},"end":{"line":32,"column":42}},"32":{"start":{"line":33,"column":0},"end":{"line":33,"column":37}},"33":{"start":{"line":34,"column":0},"end":{"line":34,"column":32}},"34":{"start":{"line":35,"column":0},"end":{"line":35,"column":26}},"35":{"start":{"line":36,"column":0},"end":{"line":36,"column":46}},"36":{"start":{"line":37,"column":0},"end":{"line":37,"column":4}},"38":{"start":{"line":39,"column":0},"end":{"line":39,"column":79}},"39":{"start":{"line":40,"column":0},"end":{"line":40,"column":2}},"41":{"start":{"line":42,"column":0},"end":{"line":42,"column":73}},"42":{"start":{"line":43,"column":0},"end":{"line":43,"column":64}},"43":{"start":{"line":44,"column":0},"end":{"line":44,"column":64}},"45":{"start":{"line":46,"column":0},"end":{"line":46,"column":51}},"46":{"start":{"line":47,"column":0},"end":{"line":47,"column":50}},"48":{"start":{"line":49,"column":0},"end":{"line":49,"column":44}},"49":{"start":{"line":50,"column":0},"end":{"line":50,"column":2}},"51":{"start":{"line":52,"column":0},"end":{"line":52,"column":26}},"52":{"start":{"line":53,"column":0},"end":{"line":53,"column":76}},"53":{"start":{"line":54,"column":0},"end":{"line":54,"column":52}},"55":{"start":{"line":56,"column":0},"end":{"line":56,"column":53}},"57":{"start":{"line":58,"column":0},"end":{"line":58,"column":41}},"58":{"start":{"line":59,"column":0},"end":{"line":59,"column":54}},"59":{"start":{"line":60,"column":0},"end":{"line":60,"column":5}},"60":{"start":{"line":61,"column":0},"end":{"line":61,"column":5}},"62":{"start":{"line":63,"column":0},"end":{"line":63,"column":72}},"63":{"start":{"line":64,"column":0},"end":{"line":64,"column":56}},"65":{"start":{"line":66,"column":0},"end":{"line":66,"column":62}},"66":{"start":{"line":67,"column":0},"end":{"line":67,"column":42}},"67":{"start":{"line":68,"column":0},"end":{"line":68,"column":5}},"69":{"start":{"line":70,"column":0},"end":{"line":70,"column":76}},"70":{"start":{"line":71,"column":0},"end":{"line":71,"column":96}},"71":{"start":{"line":72,"column":0},"end":{"line":72,"column":98}},"72":{"start":{"line":73,"column":0},"end":{"line":73,"column":98}},"73":{"start":{"line":74,"column":0},"end":{"line":74,"column":5}},"74":{"start":{"line":75,"column":0},"end":{"line":75,"column":3}}},"s":{"0":1,"1":1,"3":1,"4":1,"5":1,"6":1,"7":1,"8":1,"9":1,"10":1,"12":1,"13":24,"14":24,"16":6,"17":6,"19":1,"20":6,"21":6,"23":6,"24":6,"25":6,"26":6,"27":6,"28":6,"30":1,"31":6,"32":18,"33":18,"34":1,"35":17,"36":18,"38":6,"39":6,"41":1,"42":3,"43":3,"45":3,"46":3,"48":3,"49":3,"51":1,"52":1,"53":1,"55":1,"57":1,"58":18,"59":18,"60":1,"62":1,"63":1,"65":1,"66":1,"67":1,"69":1,"70":1,"71":1,"72":1,"73":1,"74":1},"branchMap":{"0":{"type":"branch","line":13,"loc":{"start":{"line":13,"column":25},"end":{"line":18,"column":2}},"locations":[{"start":{"line":13,"column":25},"end":{"line":18,"column":2}}]},"1":{"type":"branch","line":14,"loc":{"start":{"line":14,"column":33},"end":{"line":14,"column":48}},"locations":[{"start":{"line":14,"column":33},"end":{"line":14,"column":48}}]},"2":{"type":"branch","line":14,"loc":{"start":{"line":14,"column":46},"end":{"line":15,"column":43}},"locations":[{"start":{"line":14,"column":46},"end":{"line":15,"column":43}}]},"3":{"type":"branch","line":15,"loc":{"start":{"line":15,"column":43},"end":{"line":15,"column":53}},"locations":[{"start":{"line":15,"column":43},"end":{"line":15,"column":53}}]},"4":{"type":"branch","line":15,"loc":{"start":{"line":15,"column":51},"end":{"line":18,"column":2}},"locations":[{"start":{"line":15,"column":51},"end":{"line":18,"column":2}}]},"5":{"type":"branch","line":20,"loc":{"start":{"line":20,"column":17},"end":{"line":29,"column":2}},"locations":[{"start":{"line":20,"column":17},"end":{"line":29,"column":2}}]},"6":{"type":"branch","line":31,"loc":{"start":{"line":31,"column":26},"end":{"line":40,"column":2}},"locations":[{"start":{"line":31,"column":26},"end":{"line":40,"column":2}}]},"7":{"type":"branch","line":32,"loc":{"start":{"line":32,"column":20},"end":{"line":37,"column":4}},"locations":[{"start":{"line":32,"column":20},"end":{"line":37,"column":4}}]},"8":{"type":"branch","line":34,"loc":{"start":{"line":34,"column":25},"end":{"line":35,"column":26}},"locations":[{"start":{"line":34,"column":25},"end":{"line":35,"column":26}}]},"9":{"type":"branch","line":35,"loc":{"start":{"line":35,"column":21},"end":{"line":36,"column":46}},"locations":[{"start":{"line":35,"column":21},"end":{"line":36,"column":46}}]},"10":{"type":"branch","line":42,"loc":{"start":{"line":42,"column":22},"end":{"line":50,"column":2}},"locations":[{"start":{"line":42,"column":22},"end":{"line":50,"column":2}}]},"11":{"type":"branch","line":52,"loc":{"start":{"line":52,"column":19},"end":{"line":75,"column":3}},"locations":[{"start":{"line":52,"column":19},"end":{"line":75,"column":3}}]},"12":{"type":"branch","line":53,"loc":{"start":{"line":53,"column":69},"end":{"line":61,"column":3}},"locations":[{"start":{"line":53,"column":69},"end":{"line":61,"column":3}}]},"13":{"type":"branch","line":58,"loc":{"start":{"line":58,"column":40},"end":{"line":60,"column":5}},"locations":[{"start":{"line":58,"column":40},"end":{"line":60,"column":5}}]},"14":{"type":"branch","line":63,"loc":{"start":{"line":63,"column":65},"end":{"line":68,"column":3}},"locations":[{"start":{"line":63,"column":65},"end":{"line":68,"column":3}}]},"15":{"type":"branch","line":70,"loc":{"start":{"line":70,"column":69},"end":{"line":74,"column":3}},"locations":[{"start":{"line":70,"column":69},"end":{"line":74,"column":3}}]}},"b":{"0":[24],"1":[18],"2":[6],"3":[0],"4":[6],"5":[6],"6":[6],"7":[18],"8":[1],"9":[17],"10":[3],"11":[1],"12":[1],"13":[18],"14":[1],"15":[1]},"fnMap":{"0":{"name":"collectHexValues","decl":{"start":{"line":13,"column":25},"end":{"line":18,"column":2}},"loc":{"start":{"line":13,"column":25},"end":{"line":18,"column":2}},"line":13},"1":{"name":"hexToRgb","decl":{"start":{"line":20,"column":17},"end":{"line":29,"column":2}},"loc":{"start":{"line":20,"column":17},"end":{"line":29,"column":2}},"line":20},"2":{"name":"relativeLuminance","decl":{"start":{"line":31,"column":26},"end":{"line":40,"column":2}},"loc":{"start":{"line":31,"column":26},"end":{"line":40,"column":2}},"line":31},"3":{"name":"transform","decl":{"start":{"line":32,"column":20},"end":{"line":37,"column":4}},"loc":{"start":{"line":32,"column":20},"end":{"line":37,"column":4}},"line":32},"4":{"name":"contrastRatio","decl":{"start":{"line":42,"column":22},"end":{"line":50,"column":2}},"loc":{"start":{"line":42,"column":22},"end":{"line":50,"column":2}},"line":42}},"f":{"0":24,"1":6,"2":6,"3":18,"4":3}}
,"/Users/petro/Developer/real/presupuestos/src/lib/design/tokens.ts": {"path":"/Users/petro/Developer/real/presupuestos/src/lib/design/tokens.ts","all":false,"statementMap":{"0":{"start":{"line":1,"column":0},"end":{"line":1,"column":17}},"1":{"start":{"line":2,"column":0},"end":{"line":2,"column":21}},"2":{"start":{"line":3,"column":0},"end":{"line":3,"column":23}},"3":{"start":{"line":4,"column":0},"end":{"line":4,"column":20}},"4":{"start":{"line":5,"column":0},"end":{"line":5,"column":19}},"5":{"start":{"line":6,"column":0},"end":{"line":6,"column":19}},"6":{"start":{"line":7,"column":0},"end":{"line":7,"column":22}},"7":{"start":{"line":8,"column":0},"end":{"line":8,"column":11}},"11":{"start":{"line":12,"column":0},"end":{"line":12,"column":23}},"12":{"start":{"line":13,"column":0},"end":{"line":13,"column":19}},"13":{"start":{"line":14,"column":0},"end":{"line":14,"column":12}},"14":{"start":{"line":15,"column":0},"end":{"line":15,"column":24}},"15":{"start":{"line":16,"column":0},"end":{"line":16,"column":30}},"16":{"start":{"line":17,"column":0},"end":{"line":17,"column":29}},"17":{"start":{"line":18,"column":0},"end":{"line":18,"column":25}},"18":{"start":{"line":19,"column":0},"end":{"line":19,"column":4}},"19":{"start":{"line":20,"column":0},"end":{"line":20,"column":9}},"20":{"start":{"line":21,"column":0},"end":{"line":21,"column":27}},"21":{"start":{"line":22,"column":0},"end":{"line":22,"column":26}},"22":{"start":{"line":23,"column":0},"end":{"line":23,"column":26}},"23":{"start":{"line":24,"column":0},"end":{"line":24,"column":4}},"24":{"start":{"line":25,"column":0},"end":{"line":25,"column":11}},"25":{"start":{"line":26,"column":0},"end":{"line":26,"column":31}},"26":{"start":{"line":27,"column":0},"end":{"line":27,"column":34}},"27":{"start":{"line":28,"column":0},"end":{"line":28,"column":4}},"28":{"start":{"line":29,"column":0},"end":{"line":29,"column":11}},"29":{"start":{"line":30,"column":0},"end":{"line":30,"column":28}},"30":{"start":{"line":31,"column":0},"end":{"line":31,"column":31}},"31":{"start":{"line":32,"column":0},"end":{"line":32,"column":29}},"32":{"start":{"line":33,"column":0},"end":{"line":33,"column":3}},"33":{"start":{"line":34,"column":0},"end":{"line":34,"column":11}}},"s":{"0":1,"1":1,"2":1,"3":1,"4":1,"5":1,"6":1,"7":1,"11":1,"12":1,"13":1,"14":1,"15":1,"16":1,"17":1,"18":1,"19":1,"20":1,"21":1,"22":1,"23":1,"24":1,"25":1,"26":1,"27":1,"28":1,"29":1,"30":1,"31":1,"32":1,"33":1},"branchMap":{},"b":{},"fnMap":{},"f":{}}
,"/Users/petro/Developer/real/presupuestos/src/lib/icons/phosphor.test.ts": {"path":"/Users/petro/Developer/real/presupuestos/src/lib/icons/phosphor.test.ts","all":false,"statementMap":{"0":{"start":{"line":1,"column":0},"end":{"line":1,"column":46}},"1":{"start":{"line":2,"column":0},"end":{"line":2,"column":47}},"3":{"start":{"line":4,"column":0},"end":{"line":4,"column":41}},"4":{"start":{"line":5,"column":0},"end":{"line":5,"column":63}},"5":{"start":{"line":6,"column":0},"end":{"line":6,"column":63}},"6":{"start":{"line":7,"column":0},"end":{"line":7,"column":79}},"7":{"start":{"line":8,"column":0},"end":{"line":8,"column":5}},"8":{"start":{"line":9,"column":0},"end":{"line":9,"column":3}}},"s":{"0":1,"1":1,"3":1,"4":1,"5":1,"6":1,"7":1,"8":1},"branchMap":{"0":{"type":"branch","line":4,"loc":{"start":{"line":4,"column":34},"end":{"line":9,"column":3}},"locations":[{"start":{"line":4,"column":34},"end":{"line":9,"column":3}}]},"1":{"type":"branch","line":5,"loc":{"start":{"line":5,"column":56},"end":{"line":8,"column":3}},"locations":[{"start":{"line":5,"column":56},"end":{"line":8,"column":3}}]}},"b":{"0":[1],"1":[1]},"fnMap":{},"f":{}}
,"/Users/petro/Developer/real/presupuestos/src/lib/icons/phosphor.ts": {"path":"/Users/petro/Developer/real/presupuestos/src/lib/icons/phosphor.ts","all":false,"statementMap":{"0":{"start":{"line":1,"column":0},"end":{"line":1,"column":8}}},"s":{"0":1},"branchMap":{},"b":{},"fnMap":{},"f":{}}
,"/Users/petro/Developer/real/presupuestos/src/lib/server/auth/next.ts": {"path":"/Users/petro/Developer/real/presupuestos/src/lib/server/auth/next.ts","all":false,"statementMap":{"0":{"start":{"line":1,"column":0},"end":{"line":1,"column":43}},"2":{"start":{"line":3,"column":0},"end":{"line":3,"column":81}},"3":{"start":{"line":4,"column":0},"end":{"line":4,"column":45}},"5":{"start":{"line":6,"column":0},"end":{"line":6,"column":34}},"6":{"start":{"line":7,"column":0},"end":{"line":7,"column":51}},"7":{"start":{"line":8,"column":0},"end":{"line":8,"column":2}},"9":{"start":{"line":10,"column":0},"end":{"line":10,"column":83}},"10":{"start":{"line":11,"column":0},"end":{"line":11,"column":46}},"12":{"start":{"line":13,"column":0},"end":{"line":13,"column":47}},"13":{"start":{"line":14,"column":0},"end":{"line":14,"column":63}},"14":{"start":{"line":15,"column":0},"end":{"line":15,"column":63}},"16":{"start":{"line":17,"column":0},"end":{"line":17,"column":19}},"17":{"start":{"line":18,"column":0},"end":{"line":18,"column":2}},"19":{"start":{"line":20,"column":0},"end":{"line":20,"column":69}},"20":{"start":{"line":21,"column":0},"end":{"line":21,"column":65}},"22":{"start":{"line":23,"column":0},"end":{"line":23,"column":83}},"23":{"start":{"line":24,"column":0},"end":{"line":24,"column":43}}},"s":{"0":1,"2":1,"3":10,"5":7,"6":10,"7":10,"9":1,"10":10,"12":10,"13":10,"14":10,"16":4,"17":4,"19":1,"20":2,"22":1,"23":17},"branchMap":{"0":{"type":"branch","line":3,"loc":{"start":{"line":3,"column":27},"end":{"line":8,"column":2}},"locations":[{"start":{"line":3,"column":27},"end":{"line":8,"column":2}}]},"1":{"type":"branch","line":4,"loc":{"start":{"line":4,"column":33},"end":{"line":4,"column":45}},"locations":[{"start":{"line":4,"column":33},"end":{"line":4,"column":45}}]},"2":{"type":"branch","line":4,"loc":{"start":{"line":4,"column":40},"end":{"line":7,"column":46}},"locations":[{"start":{"line":4,"column":40},"end":{"line":7,"column":46}}]},"3":{"type":"branch","line":7,"loc":{"start":{"line":7,"column":33},"end":{"line":7,"column":51}},"locations":[{"start":{"line":7,"column":33},"end":{"line":7,"column":51}}]},"4":{"type":"branch","line":10,"loc":{"start":{"line":10,"column":36},"end":{"line":18,"column":2}},"locations":[{"start":{"line":10,"column":36},"end":{"line":18,"column":2}}]},"5":{"type":"branch","line":13,"loc":{"start":{"line":13,"column":18},"end":{"line":13,"column":47}},"locations":[{"start":{"line":13,"column":18},"end":{"line":13,"column":47}}]},"6":{"type":"branch","line":13,"loc":{"start":{"line":13,"column":25},"end":{"line":14,"column":41}},"locations":[{"start":{"line":13,"column":25},"end":{"line":14,"column":41}}]},"7":{"type":"branch","line":14,"loc":{"start":{"line":14,"column":34},"end":{"line":15,"column":41}},"locations":[{"start":{"line":14,"column":34},"end":{"line":15,"column":41}}]},"8":{"type":"branch","line":14,"loc":{"start":{"line":14,"column":34},"end":{"line":14,"column":63}},"locations":[{"start":{"line":14,"column":34},"end":{"line":14,"column":63}}]},"9":{"type":"branch","line":14,"loc":{"start":{"line":14,"column":41},"end":{"line":15,"column":41}},"locations":[{"start":{"line":14,"column":41},"end":{"line":15,"column":41}}]},"10":{"type":"branch","line":15,"loc":{"start":{"line":15,"column":34},"end":{"line":15,"column":63}},"locations":[{"start":{"line":15,"column":34},"end":{"line":15,"column":63}}]},"11":{"type":"branch","line":15,"loc":{"start":{"line":15,"column":41},"end":{"line":18,"column":2}},"locations":[{"start":{"line":15,"column":41},"end":{"line":18,"column":2}}]},"12":{"type":"branch","line":20,"loc":{"start":{"line":20,"column":40},"end":{"line":21,"column":65}},"locations":[{"start":{"line":20,"column":40},"end":{"line":21,"column":65}}]},"13":{"type":"branch","line":23,"loc":{"start":{"line":23,"column":31},"end":{"line":24,"column":43}},"locations":[{"start":{"line":23,"column":31},"end":{"line":24,"column":43}}]},"14":{"type":"branch","line":24,"loc":{"start":{"line":24,"column":19},"end":{"line":24,"column":38}},"locations":[{"start":{"line":24,"column":19},"end":{"line":24,"column":38}}]},"15":{"type":"branch","line":24,"loc":{"start":{"line":24,"column":30},"end":{"line":24,"column":43}},"locations":[{"start":{"line":24,"column":30},"end":{"line":24,"column":43}}]}},"b":{"0":[10],"1":[3],"2":[7],"3":[0],"4":[10],"5":[3],"6":[7],"7":[9],"8":[2],"9":[5],"10":[1],"11":[4],"12":[2],"13":[17],"14":[13],"15":[4]},"fnMap":{"0":{"name":"normalizeCandidate","decl":{"start":{"line":3,"column":27},"end":{"line":8,"column":2}},"loc":{"start":{"line":3,"column":27},"end":{"line":8,"column":2}},"line":3},"1":{"name":"sanitizeInternalNext","decl":{"start":{"line":10,"column":36},"end":{"line":18,"column":2}},"loc":{"start":{"line":10,"column":36},"end":{"line":18,"column":2}},"line":10},"2":{"name":"buildPublicLoginRedirect","decl":{"start":{"line":20,"column":40},"end":{"line":21,"column":65}},"loc":{"start":{"line":20,"column":40},"end":{"line":21,"column":65}},"line":20},"3":{"name":"parseFormString","decl":{"start":{"line":23,"column":31},"end":{"line":24,"column":43}},"loc":{"start":{"line":23,"column":31},"end":{"line":24,"column":43}},"line":23}},"f":{"0":10,"1":10,"2":2,"3":17}}
,"/Users/petro/Developer/real/presupuestos/src/lib/server/budgets/calculation.test.ts": {"path":"/Users/petro/Developer/real/presupuestos/src/lib/server/budgets/calculation.test.ts","all":false,"statementMap":{"0":{"start":{"line":1,"column":0},"end":{"line":1,"column":46}},"7":{"start":{"line":8,"column":0},"end":{"line":8,"column":23}},"8":{"start":{"line":9,"column":0},"end":{"line":9,"column":119}},"10":{"start":{"line":11,"column":0},"end":{"line":11,"column":46}},"11":{"start":{"line":12,"column":0},"end":{"line":12,"column":30}},"12":{"start":{"line":13,"column":0},"end":{"line":13,"column":30}},"13":{"start":{"line":14,"column":0},"end":{"line":14,"column":19}},"14":{"start":{"line":15,"column":0},"end":{"line":15,"column":26}},"15":{"start":{"line":16,"column":0},"end":{"line":16,"column":21}},"16":{"start":{"line":17,"column":0},"end":{"line":17,"column":23}},"17":{"start":{"line":18,"column":0},"end":{"line":18,"column":22}},"18":{"start":{"line":19,"column":0},"end":{"line":19,"column":20}},"19":{"start":{"line":20,"column":0},"end":{"line":20,"column":21}},"20":{"start":{"line":21,"column":0},"end":{"line":21,"column":2}},"22":{"start":{"line":23,"column":0},"end":{"line":23,"column":48}},"23":{"start":{"line":24,"column":0},"end":{"line":24,"column":23}},"24":{"start":{"line":25,"column":0},"end":{"line":25,"column":23}},"25":{"start":{"line":26,"column":0},"end":{"line":26,"column":15}},"26":{"start":{"line":27,"column":0},"end":{"line":27,"column":20}},"27":{"start":{"line":28,"column":0},"end":{"line":28,"column":19}},"28":{"start":{"line":29,"column":0},"end":{"line":29,"column":21}},"29":{"start":{"line":30,"column":0},"end":{"line":30,"column":16}},"30":{"start":{"line":31,"column":0},"end":{"line":31,"column":13}},"31":{"start":{"line":32,"column":0},"end":{"line":32,"column":2}},"33":{"start":{"line":34,"column":0},"end":{"line":34,"column":41}},"34":{"start":{"line":35,"column":0},"end":{"line":35,"column":101}},"35":{"start":{"line":36,"column":0},"end":{"line":36,"column":68}},"36":{"start":{"line":37,"column":0},"end":{"line":37,"column":66}},"37":{"start":{"line":38,"column":0},"end":{"line":38,"column":59}},"38":{"start":{"line":39,"column":0},"end":{"line":39,"column":8}},"39":{"start":{"line":40,"column":0},"end":{"line":40,"column":100}},"41":{"start":{"line":42,"column":0},"end":{"line":42,"column":44}},"42":{"start":{"line":43,"column":0},"end":{"line":43,"column":62}},"43":{"start":{"line":44,"column":0},"end":{"line":44,"column":42}},"44":{"start":{"line":45,"column":0},"end":{"line":45,"column":20}},"45":{"start":{"line":46,"column":0},"end":{"line":46,"column":24}},"46":{"start":{"line":47,"column":0},"end":{"line":47,"column":9}},"49":{"start":{"line":50,"column":0},"end":{"line":50,"column":47}},"51":{"start":{"line":52,"column":0},"end":{"line":52,"column":46}},"53":{"start":{"line":54,"column":0},"end":{"line":54,"column":41}},"55":{"start":{"line":56,"column":0},"end":{"line":56,"column":46}},"56":{"start":{"line":57,"column":0},"end":{"line":57,"column":45}},"57":{"start":{"line":58,"column":0},"end":{"line":58,"column":7}},"59":{"start":{"line":60,"column":0},"end":{"line":60,"column":54}},"60":{"start":{"line":61,"column":0},"end":{"line":61,"column":66}},"61":{"start":{"line":62,"column":0},"end":{"line":62,"column":58}},"62":{"start":{"line":63,"column":0},"end":{"line":63,"column":8}},"63":{"start":{"line":64,"column":0},"end":{"line":64,"column":101}},"64":{"start":{"line":65,"column":0},"end":{"line":65,"column":47}},"65":{"start":{"line":66,"column":0},"end":{"line":66,"column":29}},"66":{"start":{"line":67,"column":0},"end":{"line":67,"column":29}},"67":{"start":{"line":68,"column":0},"end":{"line":68,"column":21}},"68":{"start":{"line":69,"column":0},"end":{"line":69,"column":26}},"69":{"start":{"line":70,"column":0},"end":{"line":70,"column":25}},"70":{"start":{"line":71,"column":0},"end":{"line":71,"column":27}},"71":{"start":{"line":72,"column":0},"end":{"line":72,"column":22}},"72":{"start":{"line":73,"column":0},"end":{"line":73,"column":19}},"73":{"start":{"line":74,"column":0},"end":{"line":74,"column":8}},"75":{"start":{"line":76,"column":0},"end":{"line":76,"column":44}},"76":{"start":{"line":77,"column":0},"end":{"line":77,"column":34}},"77":{"start":{"line":78,"column":0},"end":{"line":78,"column":21}},"78":{"start":{"line":79,"column":0},"end":{"line":79,"column":20}},"79":{"start":{"line":80,"column":0},"end":{"line":80,"column":24}},"80":{"start":{"line":81,"column":0},"end":{"line":81,"column":9}},"83":{"start":{"line":84,"column":0},"end":{"line":84,"column":47}},"85":{"start":{"line":86,"column":0},"end":{"line":86,"column":48}},"87":{"start":{"line":88,"column":0},"end":{"line":88,"column":41}},"89":{"start":{"line":90,"column":0},"end":{"line":90,"column":46}},"90":{"start":{"line":91,"column":0},"end":{"line":91,"column":7}},"91":{"start":{"line":92,"column":0},"end":{"line":92,"column":5}},"93":{"start":{"line":94,"column":0},"end":{"line":94,"column":96}},"94":{"start":{"line":95,"column":0},"end":{"line":95,"column":76}},"95":{"start":{"line":96,"column":0},"end":{"line":96,"column":66}},"96":{"start":{"line":97,"column":0},"end":{"line":97,"column":68}},"97":{"start":{"line":98,"column":0},"end":{"line":98,"column":67}},"98":{"start":{"line":99,"column":0},"end":{"line":99,"column":8}},"99":{"start":{"line":100,"column":0},"end":{"line":100,"column":64}},"100":{"start":{"line":101,"column":0},"end":{"line":101,"column":43}},"101":{"start":{"line":102,"column":0},"end":{"line":102,"column":42}},"102":{"start":{"line":103,"column":0},"end":{"line":103,"column":8}},"103":{"start":{"line":104,"column":0},"end":{"line":104,"column":47}},"104":{"start":{"line":105,"column":0},"end":{"line":105,"column":29}},"105":{"start":{"line":106,"column":0},"end":{"line":106,"column":29}},"106":{"start":{"line":107,"column":0},"end":{"line":107,"column":21}},"107":{"start":{"line":108,"column":0},"end":{"line":108,"column":26}},"108":{"start":{"line":109,"column":0},"end":{"line":109,"column":33}},"109":{"start":{"line":110,"column":0},"end":{"line":110,"column":27}},"110":{"start":{"line":111,"column":0},"end":{"line":111,"column":22}},"111":{"start":{"line":112,"column":0},"end":{"line":112,"column":19}},"112":{"start":{"line":113,"column":0},"end":{"line":113,"column":8}},"114":{"start":{"line":115,"column":0},"end":{"line":115,"column":44}},"115":{"start":{"line":116,"column":0},"end":{"line":116,"column":34}},"116":{"start":{"line":117,"column":0},"end":{"line":117,"column":21}},"117":{"start":{"line":118,"column":0},"end":{"line":118,"column":20}},"118":{"start":{"line":119,"column":0},"end":{"line":119,"column":24}},"119":{"start":{"line":120,"column":0},"end":{"line":120,"column":9}},"122":{"start":{"line":123,"column":0},"end":{"line":123,"column":47}},"123":{"start":{"line":124,"column":0},"end":{"line":124,"column":48}},"127":{"start":{"line":128,"column":0},"end":{"line":128,"column":77}},"128":{"start":{"line":129,"column":0},"end":{"line":129,"column":59}},"129":{"start":{"line":130,"column":0},"end":{"line":130,"column":59}},"131":{"start":{"line":132,"column":0},"end":{"line":132,"column":43}},"132":{"start":{"line":133,"column":0},"end":{"line":133,"column":43}},"133":{"start":{"line":134,"column":0},"end":{"line":134,"column":57}},"134":{"start":{"line":135,"column":0},"end":{"line":135,"column":57}},"135":{"start":{"line":136,"column":0},"end":{"line":136,"column":7}},"136":{"start":{"line":137,"column":0},"end":{"line":137,"column":5}},"138":{"start":{"line":139,"column":0},"end":{"line":139,"column":50}},"139":{"start":{"line":140,"column":0},"end":{"line":140,"column":80}},"140":{"start":{"line":141,"column":0},"end":{"line":141,"column":66}},"141":{"start":{"line":142,"column":0},"end":{"line":142,"column":58}},"142":{"start":{"line":143,"column":0},"end":{"line":143,"column":8}},"143":{"start":{"line":144,"column":0},"end":{"line":144,"column":100}},"144":{"start":{"line":145,"column":0},"end":{"line":145,"column":47}},"145":{"start":{"line":146,"column":0},"end":{"line":146,"column":29}},"146":{"start":{"line":147,"column":0},"end":{"line":147,"column":29}},"147":{"start":{"line":148,"column":0},"end":{"line":148,"column":21}},"148":{"start":{"line":149,"column":0},"end":{"line":149,"column":26}},"149":{"start":{"line":150,"column":0},"end":{"line":150,"column":25}},"150":{"start":{"line":151,"column":0},"end":{"line":151,"column":27}},"151":{"start":{"line":152,"column":0},"end":{"line":152,"column":22}},"152":{"start":{"line":153,"column":0},"end":{"line":153,"column":19}},"153":{"start":{"line":154,"column":0},"end":{"line":154,"column":8}},"155":{"start":{"line":156,"column":0},"end":{"line":156,"column":81}},"157":{"start":{"line":158,"column":0},"end":{"line":158,"column":44}},"158":{"start":{"line":159,"column":0},"end":{"line":159,"column":34}},"159":{"start":{"line":160,"column":0},"end":{"line":160,"column":21}},"160":{"start":{"line":161,"column":0},"end":{"line":161,"column":20}},"161":{"start":{"line":162,"column":0},"end":{"line":162,"column":24}},"162":{"start":{"line":163,"column":0},"end":{"line":163,"column":9}},"164":{"start":{"line":165,"column":0},"end":{"line":165,"column":56}},"165":{"start":{"line":166,"column":0},"end":{"line":166,"column":7}},"166":{"start":{"line":167,"column":0},"end":{"line":167,"column":5}},"168":{"start":{"line":169,"column":0},"end":{"line":169,"column":42}},"169":{"start":{"line":170,"column":0},"end":{"line":170,"column":50}},"170":{"start":{"line":171,"column":0},"end":{"line":171,"column":66}},"171":{"start":{"line":172,"column":0},"end":{"line":172,"column":58}},"172":{"start":{"line":173,"column":0},"end":{"line":173,"column":8}},"173":{"start":{"line":174,"column":0},"end":{"line":174,"column":100}},"175":{"start":{"line":176,"column":0},"end":{"line":176,"column":44}},"176":{"start":{"line":177,"column":0},"end":{"line":177,"column":34}},"177":{"start":{"line":178,"column":0},"end":{"line":178,"column":42}},"178":{"start":{"line":179,"column":0},"end":{"line":179,"column":20}},"179":{"start":{"line":180,"column":0},"end":{"line":180,"column":24}},"180":{"start":{"line":181,"column":0},"end":{"line":181,"column":9}},"182":{"start":{"line":183,"column":0},"end":{"line":183,"column":76}},"183":{"start":{"line":184,"column":0},"end":{"line":184,"column":42}},"184":{"start":{"line":185,"column":0},"end":{"line":185,"column":52}},"185":{"start":{"line":186,"column":0},"end":{"line":186,"column":53}},"186":{"start":{"line":187,"column":0},"end":{"line":187,"column":46}},"187":{"start":{"line":188,"column":0},"end":{"line":188,"column":51}},"188":{"start":{"line":189,"column":0},"end":{"line":189,"column":7}},"190":{"start":{"line":191,"column":0},"end":{"line":191,"column":72}},"191":{"start":{"line":192,"column":0},"end":{"line":192,"column":66}},"192":{"start":{"line":193,"column":0},"end":{"line":193,"column":58}},"193":{"start":{"line":194,"column":0},"end":{"line":194,"column":8}},"194":{"start":{"line":195,"column":0},"end":{"line":195,"column":101}},"196":{"start":{"line":197,"column":0},"end":{"line":197,"column":44}},"197":{"start":{"line":198,"column":0},"end":{"line":198,"column":63}},"198":{"start":{"line":199,"column":0},"end":{"line":199,"column":42}},"199":{"start":{"line":200,"column":0},"end":{"line":200,"column":20}},"200":{"start":{"line":201,"column":0},"end":{"line":201,"column":24}},"201":{"start":{"line":202,"column":0},"end":{"line":202,"column":9}},"203":{"start":{"line":204,"column":0},"end":{"line":204,"column":76}},"206":{"start":{"line":207,"column":0},"end":{"line":207,"column":38}},"207":{"start":{"line":208,"column":0},"end":{"line":208,"column":56}},"208":{"start":{"line":209,"column":0},"end":{"line":209,"column":7}},"209":{"start":{"line":210,"column":0},"end":{"line":210,"column":5}},"211":{"start":{"line":212,"column":0},"end":{"line":212,"column":50}},"212":{"start":{"line":213,"column":0},"end":{"line":213,"column":42}},"213":{"start":{"line":214,"column":0},"end":{"line":214,"column":68}},"214":{"start":{"line":215,"column":0},"end":{"line":215,"column":66}},"216":{"start":{"line":217,"column":0},"end":{"line":217,"column":44}},"217":{"start":{"line":218,"column":0},"end":{"line":218,"column":34}},"218":{"start":{"line":219,"column":0},"end":{"line":219,"column":42}},"219":{"start":{"line":220,"column":0},"end":{"line":220,"column":20}},"220":{"start":{"line":221,"column":0},"end":{"line":221,"column":24}},"221":{"start":{"line":222,"column":0},"end":{"line":222,"column":9}},"223":{"start":{"line":224,"column":0},"end":{"line":224,"column":45}},"224":{"start":{"line":225,"column":0},"end":{"line":225,"column":46}},"225":{"start":{"line":226,"column":0},"end":{"line":226,"column":39}},"226":{"start":{"line":227,"column":0},"end":{"line":227,"column":44}},"227":{"start":{"line":228,"column":0},"end":{"line":228,"column":47}},"228":{"start":{"line":229,"column":0},"end":{"line":229,"column":7}},"230":{"start":{"line":231,"column":0},"end":{"line":231,"column":63}},"231":{"start":{"line":232,"column":0},"end":{"line":232,"column":66}},"232":{"start":{"line":233,"column":0},"end":{"line":233,"column":65}},"233":{"start":{"line":234,"column":0},"end":{"line":234,"column":8}},"234":{"start":{"line":235,"column":0},"end":{"line":235,"column":66}},"236":{"start":{"line":237,"column":0},"end":{"line":237,"column":44}},"237":{"start":{"line":238,"column":0},"end":{"line":238,"column":34}},"238":{"start":{"line":239,"column":0},"end":{"line":239,"column":42}},"239":{"start":{"line":240,"column":0},"end":{"line":240,"column":20}},"240":{"start":{"line":241,"column":0},"end":{"line":241,"column":24}},"241":{"start":{"line":242,"column":0},"end":{"line":242,"column":9}},"243":{"start":{"line":244,"column":0},"end":{"line":244,"column":45}},"244":{"start":{"line":245,"column":0},"end":{"line":245,"column":46}},"245":{"start":{"line":246,"column":0},"end":{"line":246,"column":39}},"246":{"start":{"line":247,"column":0},"end":{"line":247,"column":44}},"247":{"start":{"line":248,"column":0},"end":{"line":248,"column":7}},"248":{"start":{"line":249,"column":0},"end":{"line":249,"column":5}},"250":{"start":{"line":251,"column":0},"end":{"line":251,"column":56}},"251":{"start":{"line":252,"column":0},"end":{"line":252,"column":43}},"252":{"start":{"line":253,"column":0},"end":{"line":253,"column":66}},"253":{"start":{"line":254,"column":0},"end":{"line":254,"column":61}},"254":{"start":{"line":255,"column":0},"end":{"line":255,"column":8}},"255":{"start":{"line":256,"column":0},"end":{"line":256,"column":101}},"256":{"start":{"line":257,"column":0},"end":{"line":257,"column":47}},"257":{"start":{"line":258,"column":0},"end":{"line":258,"column":29}},"258":{"start":{"line":259,"column":0},"end":{"line":259,"column":29}},"259":{"start":{"line":260,"column":0},"end":{"line":260,"column":21}},"260":{"start":{"line":261,"column":0},"end":{"line":261,"column":26}},"261":{"start":{"line":262,"column":0},"end":{"line":262,"column":25}},"262":{"start":{"line":263,"column":0},"end":{"line":263,"column":27}},"263":{"start":{"line":264,"column":0},"end":{"line":264,"column":22}},"264":{"start":{"line":265,"column":0},"end":{"line":265,"column":19}},"265":{"start":{"line":266,"column":0},"end":{"line":266,"column":8}},"267":{"start":{"line":268,"column":0},"end":{"line":268,"column":44}},"268":{"start":{"line":269,"column":0},"end":{"line":269,"column":34}},"269":{"start":{"line":270,"column":0},"end":{"line":270,"column":21}},"270":{"start":{"line":271,"column":0},"end":{"line":271,"column":20}},"271":{"start":{"line":272,"column":0},"end":{"line":272,"column":24}},"272":{"start":{"line":273,"column":0},"end":{"line":273,"column":9}},"274":{"start":{"line":275,"column":0},"end":{"line":275,"column":76}},"276":{"start":{"line":277,"column":0},"end":{"line":277,"column":44}},"277":{"start":{"line":278,"column":0},"end":{"line":278,"column":45}},"278":{"start":{"line":279,"column":0},"end":{"line":279,"column":7}},"279":{"start":{"line":280,"column":0},"end":{"line":280,"column":5}},"281":{"start":{"line":282,"column":0},"end":{"line":282,"column":45}},"282":{"start":{"line":283,"column":0},"end":{"line":283,"column":66}},"283":{"start":{"line":284,"column":0},"end":{"line":284,"column":66}},"284":{"start":{"line":285,"column":0},"end":{"line":285,"column":59}},"285":{"start":{"line":286,"column":0},"end":{"line":286,"column":8}},"286":{"start":{"line":287,"column":0},"end":{"line":287,"column":100}},"287":{"start":{"line":288,"column":0},"end":{"line":288,"column":47}},"288":{"start":{"line":289,"column":0},"end":{"line":289,"column":29}},"289":{"start":{"line":290,"column":0},"end":{"line":290,"column":29}},"290":{"start":{"line":291,"column":0},"end":{"line":291,"column":21}},"291":{"start":{"line":292,"column":0},"end":{"line":292,"column":26}},"292":{"start":{"line":293,"column":0},"end":{"line":293,"column":25}},"293":{"start":{"line":294,"column":0},"end":{"line":294,"column":27}},"294":{"start":{"line":295,"column":0},"end":{"line":295,"column":22}},"295":{"start":{"line":296,"column":0},"end":{"line":296,"column":19}},"296":{"start":{"line":297,"column":0},"end":{"line":297,"column":8}},"298":{"start":{"line":299,"column":0},"end":{"line":299,"column":44}},"299":{"start":{"line":300,"column":0},"end":{"line":300,"column":60}},"300":{"start":{"line":301,"column":0},"end":{"line":301,"column":21}},"301":{"start":{"line":302,"column":0},"end":{"line":302,"column":20}},"302":{"start":{"line":303,"column":0},"end":{"line":303,"column":24}},"303":{"start":{"line":304,"column":0},"end":{"line":304,"column":9}},"305":{"start":{"line":306,"column":0},"end":{"line":306,"column":59}},"306":{"start":{"line":307,"column":0},"end":{"line":307,"column":60}},"307":{"start":{"line":308,"column":0},"end":{"line":308,"column":7}},"309":{"start":{"line":310,"column":0},"end":{"line":310,"column":75}},"310":{"start":{"line":311,"column":0},"end":{"line":311,"column":66}},"311":{"start":{"line":312,"column":0},"end":{"line":312,"column":58}},"312":{"start":{"line":313,"column":0},"end":{"line":313,"column":8}},"313":{"start":{"line":314,"column":0},"end":{"line":314,"column":101}},"315":{"start":{"line":316,"column":0},"end":{"line":316,"column":44}},"316":{"start":{"line":317,"column":0},"end":{"line":317,"column":60}},"317":{"start":{"line":318,"column":0},"end":{"line":318,"column":42}},"318":{"start":{"line":319,"column":0},"end":{"line":319,"column":20}},"319":{"start":{"line":320,"column":0},"end":{"line":320,"column":24}},"320":{"start":{"line":321,"column":0},"end":{"line":321,"column":9}},"322":{"start":{"line":323,"column":0},"end":{"line":323,"column":76}},"323":{"start":{"line":324,"column":0},"end":{"line":324,"column":53}},"324":{"start":{"line":325,"column":0},"end":{"line":325,"column":7}},"325":{"start":{"line":326,"column":0},"end":{"line":326,"column":5}},"327":{"start":{"line":328,"column":0},"end":{"line":328,"column":66}},"328":{"start":{"line":329,"column":0},"end":{"line":329,"column":59}},"329":{"start":{"line":330,"column":0},"end":{"line":330,"column":66}},"330":{"start":{"line":331,"column":0},"end":{"line":331,"column":58}},"331":{"start":{"line":332,"column":0},"end":{"line":332,"column":8}},"332":{"start":{"line":333,"column":0},"end":{"line":333,"column":104}},"334":{"start":{"line":335,"column":0},"end":{"line":335,"column":44}},"335":{"start":{"line":336,"column":0},"end":{"line":336,"column":34}},"336":{"start":{"line":337,"column":0},"end":{"line":337,"column":42}},"337":{"start":{"line":338,"column":0},"end":{"line":338,"column":20}},"338":{"start":{"line":339,"column":0},"end":{"line":339,"column":24}},"339":{"start":{"line":340,"column":0},"end":{"line":340,"column":9}},"342":{"start":{"line":343,"column":0},"end":{"line":343,"column":47}},"343":{"start":{"line":344,"column":0},"end":{"line":344,"column":7}},"345":{"start":{"line":346,"column":0},"end":{"line":346,"column":68}},"346":{"start":{"line":347,"column":0},"end":{"line":347,"column":66}},"347":{"start":{"line":348,"column":0},"end":{"line":348,"column":59}},"348":{"start":{"line":349,"column":0},"end":{"line":349,"column":58}},"349":{"start":{"line":350,"column":0},"end":{"line":350,"column":8}},"350":{"start":{"line":351,"column":0},"end":{"line":351,"column":64}},"351":{"start":{"line":352,"column":0},"end":{"line":352,"column":44}},"352":{"start":{"line":353,"column":0},"end":{"line":353,"column":43}},"353":{"start":{"line":354,"column":0},"end":{"line":354,"column":8}},"354":{"start":{"line":355,"column":0},"end":{"line":355,"column":47}},"355":{"start":{"line":356,"column":0},"end":{"line":356,"column":29}},"356":{"start":{"line":357,"column":0},"end":{"line":357,"column":29}},"357":{"start":{"line":358,"column":0},"end":{"line":358,"column":21}},"358":{"start":{"line":359,"column":0},"end":{"line":359,"column":26}},"359":{"start":{"line":360,"column":0},"end":{"line":360,"column":25}},"360":{"start":{"line":361,"column":0},"end":{"line":361,"column":27}},"361":{"start":{"line":362,"column":0},"end":{"line":362,"column":22}},"362":{"start":{"line":363,"column":0},"end":{"line":363,"column":19}},"363":{"start":{"line":364,"column":0},"end":{"line":364,"column":8}},"365":{"start":{"line":366,"column":0},"end":{"line":366,"column":44}},"366":{"start":{"line":367,"column":0},"end":{"line":367,"column":34}},"367":{"start":{"line":368,"column":0},"end":{"line":368,"column":21}},"368":{"start":{"line":369,"column":0},"end":{"line":369,"column":20}},"369":{"start":{"line":370,"column":0},"end":{"line":370,"column":24}},"370":{"start":{"line":371,"column":0},"end":{"line":371,"column":9}},"373":{"start":{"line":374,"column":0},"end":{"line":374,"column":77}},"374":{"start":{"line":375,"column":0},"end":{"line":375,"column":36}},"375":{"start":{"line":376,"column":0},"end":{"line":376,"column":47}},"376":{"start":{"line":377,"column":0},"end":{"line":377,"column":64}},"377":{"start":{"line":378,"column":0},"end":{"line":378,"column":7}},"378":{"start":{"line":379,"column":0},"end":{"line":379,"column":7}},"380":{"start":{"line":381,"column":0},"end":{"line":381,"column":57}},"381":{"start":{"line":382,"column":0},"end":{"line":382,"column":66}},"382":{"start":{"line":383,"column":0},"end":{"line":383,"column":58}},"383":{"start":{"line":384,"column":0},"end":{"line":384,"column":8}},"384":{"start":{"line":385,"column":0},"end":{"line":385,"column":104}},"386":{"start":{"line":387,"column":0},"end":{"line":387,"column":44}},"387":{"start":{"line":388,"column":0},"end":{"line":388,"column":34}},"388":{"start":{"line":389,"column":0},"end":{"line":389,"column":42}},"389":{"start":{"line":390,"column":0},"end":{"line":390,"column":20}},"390":{"start":{"line":391,"column":0},"end":{"line":391,"column":24}},"391":{"start":{"line":392,"column":0},"end":{"line":392,"column":9}},"394":{"start":{"line":395,"column":0},"end":{"line":395,"column":46}},"395":{"start":{"line":396,"column":0},"end":{"line":396,"column":7}},"396":{"start":{"line":397,"column":0},"end":{"line":397,"column":5}},"397":{"start":{"line":398,"column":0},"end":{"line":398,"column":3}}},"s":{"0":1,"7":1,"8":1,"10":1,"11":1,"12":1,"13":1,"14":1,"15":1,"16":1,"17":1,"18":1,"19":1,"20":1,"22":1,"23":1,"24":1,"25":1,"26":1,"27":1,"28":1,"29":1,"30":1,"31":1,"33":1,"34":1,"35":1,"36":1,"37":1,"38":1,"39":1,"41":1,"42":1,"43":1,"44":1,"45":1,"46":1,"49":1,"51":1,"53":1,"55":1,"56":1,"57":1,"59":1,"60":1,"61":1,"62":1,"63":1,"64":1,"65":1,"66":1,"67":1,"68":1,"69":1,"70":1,"71":1,"72":1,"73":1,"75":1,"76":1,"77":1,"78":1,"79":1,"80":1,"83":1,"85":1,"87":1,"89":1,"90":1,"91":1,"93":1,"94":1,"95":1,"96":1,"97":1,"98":1,"99":1,"100":1,"101":1,"102":1,"103":1,"104":1,"105":1,"106":1,"107":1,"108":1,"109":1,"110":1,"111":1,"112":1,"114":1,"115":1,"116":1,"117":1,"118":1,"119":1,"122":1,"123":1,"127":1,"128":1,"129":1,"131":1,"132":1,"133":1,"134":1,"135":1,"136":1,"138":1,"139":1,"140":1,"141":1,"142":1,"143":1,"144":1,"145":1,"146":1,"147":1,"148":1,"149":1,"150":1,"151":1,"152":1,"153":1,"155":1,"157":1,"158":1,"159":1,"160":1,"161":1,"162":1,"164":1,"165":1,"166":1,"168":1,"169":1,"170":1,"171":1,"172":1,"173":1,"175":1,"176":1,"177":1,"178":1,"179":1,"180":1,"182":1,"183":1,"184":1,"185":1,"186":1,"187":1,"188":1,"190":1,"191":1,"192":1,"193":1,"194":1,"196":1,"197":1,"198":1,"199":1,"200":1,"201":1,"203":1,"206":1,"207":1,"208":1,"209":1,"211":1,"212":1,"213":1,"214":1,"216":1,"217":1,"218":1,"219":1,"220":1,"221":1,"223":1,"224":1,"225":1,"226":1,"227":1,"228":1,"230":1,"231":1,"232":1,"233":1,"234":1,"236":1,"237":1,"238":1,"239":1,"240":1,"241":1,"243":1,"244":1,"245":1,"246":1,"247":1,"248":1,"250":1,"251":1,"252":1,"253":1,"254":1,"255":1,"256":1,"257":1,"258":1,"259":1,"260":1,"261":1,"262":1,"263":1,"264":1,"265":1,"267":1,"268":1,"269":1,"270":1,"271":1,"272":1,"274":1,"276":1,"277":1,"278":1,"279":1,"281":1,"282":1,"283":1,"284":1,"285":1,"286":1,"287":1,"288":1,"289":1,"290":1,"291":1,"292":1,"293":1,"294":1,"295":1,"296":1,"298":1,"299":1,"300":1,"301":1,"302":1,"303":1,"305":1,"306":1,"307":1,"309":1,"310":1,"311":1,"312":1,"313":1,"315":1,"316":1,"317":1,"318":1,"319":1,"320":1,"322":1,"323":1,"324":1,"325":1,"327":1,"328":1,"329":1,"330":1,"331":1,"332":1,"334":1,"335":1,"336":1,"337":1,"338":1,"339":1,"342":1,"343":1,"345":1,"346":1,"347":1,"348":1,"349":1,"350":1,"351":1,"352":1,"353":1,"354":1,"355":1,"356":1,"357":1,"358":1,"359":1,"360":1,"361":1,"362":1,"363":1,"365":1,"366":1,"367":1,"368":1,"369":1,"370":1,"373":1,"374":1,"375":2,"376":2,"377":2,"378":1,"380":1,"381":1,"382":1,"383":1,"384":1,"386":1,"387":1,"388":1,"389":1,"390":1,"391":1,"394":1,"395":1,"396":1,"397":1},"branchMap":{"0":{"type":"branch","line":34,"loc":{"start":{"line":34,"column":34},"end":{"line":398,"column":3}},"locations":[{"start":{"line":34,"column":34},"end":{"line":398,"column":3}}]},"1":{"type":"branch","line":35,"loc":{"start":{"line":35,"column":94},"end":{"line":92,"column":3}},"locations":[{"start":{"line":35,"column":94},"end":{"line":92,"column":3}}]},"2":{"type":"branch","line":36,"loc":{"start":{"line":36,"column":61},"end":{"line":58,"column":5}},"locations":[{"start":{"line":36,"column":61},"end":{"line":58,"column":5}}]},"3":{"type":"branch","line":60,"loc":{"start":{"line":60,"column":47},"end":{"line":91,"column":5}},"locations":[{"start":{"line":60,"column":47},"end":{"line":91,"column":5}}]},"4":{"type":"branch","line":94,"loc":{"start":{"line":94,"column":89},"end":{"line":137,"column":3}},"locations":[{"start":{"line":94,"column":89},"end":{"line":137,"column":3}}]},"5":{"type":"branch","line":95,"loc":{"start":{"line":95,"column":69},"end":{"line":136,"column":5}},"locations":[{"start":{"line":95,"column":69},"end":{"line":136,"column":5}}]},"6":{"type":"branch","line":129,"loc":{"start":{"line":129,"column":32},"end":{"line":129,"column":56}},"locations":[{"start":{"line":129,"column":32},"end":{"line":129,"column":56}}]},"7":{"type":"branch","line":130,"loc":{"start":{"line":130,"column":32},"end":{"line":130,"column":56}},"locations":[{"start":{"line":130,"column":32},"end":{"line":130,"column":56}}]},"8":{"type":"branch","line":139,"loc":{"start":{"line":139,"column":43},"end":{"line":167,"column":3}},"locations":[{"start":{"line":139,"column":43},"end":{"line":167,"column":3}}]},"9":{"type":"branch","line":140,"loc":{"start":{"line":140,"column":73},"end":{"line":166,"column":5}},"locations":[{"start":{"line":140,"column":73},"end":{"line":166,"column":5}}]},"10":{"type":"branch","line":169,"loc":{"start":{"line":169,"column":35},"end":{"line":210,"column":3}},"locations":[{"start":{"line":169,"column":35},"end":{"line":210,"column":3}}]},"11":{"type":"branch","line":170,"loc":{"start":{"line":170,"column":43},"end":{"line":189,"column":5}},"locations":[{"start":{"line":170,"column":43},"end":{"line":189,"column":5}}]},"12":{"type":"branch","line":191,"loc":{"start":{"line":191,"column":65},"end":{"line":209,"column":5}},"locations":[{"start":{"line":191,"column":65},"end":{"line":209,"column":5}}]},"13":{"type":"branch","line":212,"loc":{"start":{"line":212,"column":43},"end":{"line":249,"column":3}},"locations":[{"start":{"line":212,"column":43},"end":{"line":249,"column":3}}]},"14":{"type":"branch","line":213,"loc":{"start":{"line":213,"column":35},"end":{"line":229,"column":5}},"locations":[{"start":{"line":213,"column":35},"end":{"line":229,"column":5}}]},"15":{"type":"branch","line":231,"loc":{"start":{"line":231,"column":56},"end":{"line":248,"column":5}},"locations":[{"start":{"line":231,"column":56},"end":{"line":248,"column":5}}]},"16":{"type":"branch","line":251,"loc":{"start":{"line":251,"column":49},"end":{"line":280,"column":3}},"locations":[{"start":{"line":251,"column":49},"end":{"line":280,"column":3}}]},"17":{"type":"branch","line":252,"loc":{"start":{"line":252,"column":36},"end":{"line":279,"column":5}},"locations":[{"start":{"line":252,"column":36},"end":{"line":279,"column":5}}]},"18":{"type":"branch","line":282,"loc":{"start":{"line":282,"column":38},"end":{"line":326,"column":3}},"locations":[{"start":{"line":282,"column":38},"end":{"line":326,"column":3}}]},"19":{"type":"branch","line":283,"loc":{"start":{"line":283,"column":59},"end":{"line":308,"column":5}},"locations":[{"start":{"line":283,"column":59},"end":{"line":308,"column":5}}]},"20":{"type":"branch","line":310,"loc":{"start":{"line":310,"column":68},"end":{"line":325,"column":5}},"locations":[{"start":{"line":310,"column":68},"end":{"line":325,"column":5}}]},"21":{"type":"branch","line":328,"loc":{"start":{"line":328,"column":59},"end":{"line":397,"column":3}},"locations":[{"start":{"line":328,"column":59},"end":{"line":397,"column":3}}]},"22":{"type":"branch","line":329,"loc":{"start":{"line":329,"column":52},"end":{"line":344,"column":5}},"locations":[{"start":{"line":329,"column":52},"end":{"line":344,"column":5}}]},"23":{"type":"branch","line":346,"loc":{"start":{"line":346,"column":61},"end":{"line":379,"column":5}},"locations":[{"start":{"line":346,"column":61},"end":{"line":379,"column":5}}]},"24":{"type":"branch","line":375,"loc":{"start":{"line":375,"column":35},"end":{"line":378,"column":7}},"locations":[{"start":{"line":375,"column":35},"end":{"line":378,"column":7}}]},"25":{"type":"branch","line":381,"loc":{"start":{"line":381,"column":50},"end":{"line":396,"column":5}},"locations":[{"start":{"line":381,"column":50},"end":{"line":396,"column":5}}]}},"b":{"0":[1],"1":[1],"2":[1],"3":[1],"4":[1],"5":[1],"6":[1],"7":[2],"8":[1],"9":[1],"10":[1],"11":[1],"12":[1],"13":[1],"14":[1],"15":[1],"16":[1],"17":[1],"18":[1],"19":[1],"20":[1],"21":[1],"22":[1],"23":[1],"24":[2],"25":[1]},"fnMap":{},"f":{}}
,"/Users/petro/Developer/real/presupuestos/src/lib/server/budgets/calculation.ts": {"path":"/Users/petro/Developer/real/presupuestos/src/lib/server/budgets/calculation.ts","all":false,"statementMap":{"0":{"start":{"line":1,"column":0},"end":{"line":1,"column":119}},"38":{"start":{"line":39,"column":0},"end":{"line":39,"column":71}},"40":{"start":{"line":41,"column":0},"end":{"line":41,"column":46}},"45":{"start":{"line":46,"column":0},"end":{"line":46,"column":32}},"46":{"start":{"line":47,"column":0},"end":{"line":47,"column":111}},"48":{"start":{"line":49,"column":0},"end":{"line":49,"column":52}},"50":{"start":{"line":51,"column":0},"end":{"line":51,"column":47}},"51":{"start":{"line":52,"column":0},"end":{"line":52,"column":77}},"52":{"start":{"line":53,"column":0},"end":{"line":53,"column":63}},"53":{"start":{"line":54,"column":0},"end":{"line":54,"column":99}},"54":{"start":{"line":55,"column":0},"end":{"line":55,"column":3}},"56":{"start":{"line":57,"column":0},"end":{"line":57,"column":114}},"59":{"start":{"line":60,"column":0},"end":{"line":60,"column":87}},"61":{"start":{"line":62,"column":0},"end":{"line":62,"column":67}},"62":{"start":{"line":63,"column":0},"end":{"line":63,"column":47}},"63":{"start":{"line":64,"column":0},"end":{"line":64,"column":62}},"65":{"start":{"line":66,"column":0},"end":{"line":66,"column":84}},"66":{"start":{"line":67,"column":0},"end":{"line":67,"column":10}},"67":{"start":{"line":68,"column":0},"end":{"line":68,"column":38}},"68":{"start":{"line":69,"column":0},"end":{"line":69,"column":6}},"70":{"start":{"line":71,"column":0},"end":{"line":71,"column":85}},"72":{"start":{"line":73,"column":0},"end":{"line":73,"column":62}},"73":{"start":{"line":74,"column":0},"end":{"line":74,"column":17}},"74":{"start":{"line":75,"column":0},"end":{"line":75,"column":117}},"75":{"start":{"line":76,"column":0},"end":{"line":76,"column":66}},"76":{"start":{"line":77,"column":0},"end":{"line":77,"column":64}},"77":{"start":{"line":78,"column":0},"end":{"line":78,"column":12}},"78":{"start":{"line":79,"column":0},"end":{"line":79,"column":23}},"79":{"start":{"line":80,"column":0},"end":{"line":80,"column":38}},"80":{"start":{"line":81,"column":0},"end":{"line":81,"column":41}},"81":{"start":{"line":82,"column":0},"end":{"line":82,"column":23}},"82":{"start":{"line":83,"column":0},"end":{"line":83,"column":54}},"83":{"start":{"line":84,"column":0},"end":{"line":84,"column":6}},"84":{"start":{"line":85,"column":0},"end":{"line":85,"column":5}},"86":{"start":{"line":87,"column":0},"end":{"line":87,"column":10}},"87":{"start":{"line":88,"column":0},"end":{"line":88,"column":20}},"88":{"start":{"line":89,"column":0},"end":{"line":89,"column":21}},"89":{"start":{"line":90,"column":0},"end":{"line":90,"column":14}},"90":{"start":{"line":91,"column":0},"end":{"line":91,"column":19}},"91":{"start":{"line":92,"column":0},"end":{"line":92,"column":26}},"92":{"start":{"line":93,"column":0},"end":{"line":93,"column":13}},"93":{"start":{"line":94,"column":0},"end":{"line":94,"column":4}},"94":{"start":{"line":95,"column":0},"end":{"line":95,"column":2}}},"s":{"0":1,"38":1,"40":1,"45":15,"46":15,"48":15,"50":15,"51":16,"52":16,"53":16,"54":16,"56":15,"59":15,"61":15,"62":15,"63":15,"65":15,"66":16,"67":16,"68":15,"70":15,"72":15,"73":16,"74":16,"75":16,"76":16,"77":16,"78":16,"79":16,"80":16,"81":16,"82":16,"83":16,"84":15,"86":15,"87":15,"88":15,"89":15,"90":15,"91":15,"92":15,"93":15,"94":15},"branchMap":{"0":{"type":"branch","line":39,"loc":{"start":{"line":39,"column":19},"end":{"line":39,"column":71}},"locations":[{"start":{"line":39,"column":19},"end":{"line":39,"column":71}}]},"1":{"type":"branch","line":41,"loc":{"start":{"line":41,"column":37},"end":{"line":95,"column":2}},"locations":[{"start":{"line":41,"column":37},"end":{"line":95,"column":2}}]},"2":{"type":"branch","line":51,"loc":{"start":{"line":51,"column":46},"end":{"line":55,"column":3}},"locations":[{"start":{"line":51,"column":46},"end":{"line":55,"column":3}}]},"3":{"type":"branch","line":52,"loc":{"start":{"line":52,"column":70},"end":{"line":52,"column":77}},"locations":[{"start":{"line":52,"column":70},"end":{"line":52,"column":77}}]},"4":{"type":"branch","line":47,"loc":{"start":{"line":47,"column":64},"end":{"line":47,"column":108}},"locations":[{"start":{"line":47,"column":64},"end":{"line":47,"column":108}}]},"5":{"type":"branch","line":57,"loc":{"start":{"line":57,"column":81},"end":{"line":57,"column":110}},"locations":[{"start":{"line":57,"column":81},"end":{"line":57,"column":110}}]},"6":{"type":"branch","line":66,"loc":{"start":{"line":66,"column":57},"end":{"line":69,"column":4}},"locations":[{"start":{"line":66,"column":57},"end":{"line":69,"column":4}}]},"7":{"type":"branch","line":71,"loc":{"start":{"line":71,"column":46},"end":{"line":71,"column":82}},"locations":[{"start":{"line":71,"column":46},"end":{"line":71,"column":82}}]},"8":{"type":"branch","line":73,"loc":{"start":{"line":73,"column":52},"end":{"line":85,"column":3}},"locations":[{"start":{"line":73,"column":52},"end":{"line":85,"column":3}}]},"9":{"type":"branch","line":75,"loc":{"start":{"line":75,"column":32},"end":{"line":75,"column":79}},"locations":[{"start":{"line":75,"column":32},"end":{"line":75,"column":79}}]},"10":{"type":"branch","line":75,"loc":{"start":{"line":75,"column":53},"end":{"line":75,"column":117}},"locations":[{"start":{"line":75,"column":53},"end":{"line":75,"column":117}}]},"11":{"type":"branch","line":75,"loc":{"start":{"line":75,"column":106},"end":{"line":75,"column":117}},"locations":[{"start":{"line":75,"column":106},"end":{"line":75,"column":117}}]}},"b":{"0":[109],"1":[15],"2":[16],"3":[1],"4":[15],"5":[16],"6":[16],"7":[16],"8":[16],"9":[15],"10":[1],"11":[0]},"fnMap":{"0":{"name":"roundMoney","decl":{"start":{"line":39,"column":19},"end":{"line":39,"column":71}},"loc":{"start":{"line":39,"column":19},"end":{"line":39,"column":71}},"line":39},"1":{"name":"calculateBudgetTotals","decl":{"start":{"line":41,"column":37},"end":{"line":95,"column":2}},"loc":{"start":{"line":41,"column":37},"end":{"line":95,"column":2}},"line":41}},"f":{"0":109,"1":15}}
,"/Users/petro/Developer/real/presupuestos/src/lib/server/budgets/parsers.ts": {"path":"/Users/petro/Developer/real/presupuestos/src/lib/server/budgets/parsers.ts","all":false,"statementMap":{"0":{"start":{"line":1,"column":0},"end":{"line":1,"column":3}},"16":{"start":{"line":17,"column":0},"end":{"line":17,"column":66}},"17":{"start":{"line":18,"column":0},"end":{"line":18,"column":48}},"18":{"start":{"line":19,"column":0},"end":{"line":19,"column":26}},"20":{"start":{"line":21,"column":0},"end":{"line":21,"column":32}},"21":{"start":{"line":22,"column":0},"end":{"line":22,"column":36}},"22":{"start":{"line":23,"column":0},"end":{"line":23,"column":89}},"24":{"start":{"line":25,"column":0},"end":{"line":25,"column":31}},"25":{"start":{"line":26,"column":0},"end":{"line":26,"column":2}},"31":{"start":{"line":32,"column":0},"end":{"line":32,"column":86}},"37":{"start":{"line":38,"column":0},"end":{"line":38,"column":79}},"38":{"start":{"line":39,"column":0},"end":{"line":39,"column":83}},"39":{"start":{"line":40,"column":0},"end":{"line":40,"column":86}},"40":{"start":{"line":41,"column":0},"end":{"line":41,"column":93}},"42":{"start":{"line":43,"column":0},"end":{"line":43,"column":83}},"43":{"start":{"line":44,"column":0},"end":{"line":44,"column":36}},"45":{"start":{"line":46,"column":0},"end":{"line":46,"column":54}},"46":{"start":{"line":47,"column":0},"end":{"line":47,"column":17}},"47":{"start":{"line":48,"column":0},"end":{"line":48,"column":33}},"48":{"start":{"line":49,"column":0},"end":{"line":49,"column":39}},"49":{"start":{"line":50,"column":0},"end":{"line":50,"column":45}},"50":{"start":{"line":51,"column":0},"end":{"line":51,"column":6}},"52":{"start":{"line":53,"column":0},"end":{"line":53,"column":67}},"53":{"start":{"line":54,"column":0},"end":{"line":54,"column":19}},"54":{"start":{"line":55,"column":0},"end":{"line":55,"column":3}},"56":{"start":{"line":57,"column":0},"end":{"line":57,"column":14}},"57":{"start":{"line":58,"column":0},"end":{"line":58,"column":2}},"62":{"start":{"line":63,"column":0},"end":{"line":63,"column":73}},"63":{"start":{"line":64,"column":0},"end":{"line":64,"column":66}},"64":{"start":{"line":65,"column":0},"end":{"line":65,"column":51}},"65":{"start":{"line":66,"column":0},"end":{"line":66,"column":59}},"66":{"start":{"line":67,"column":0},"end":{"line":67,"column":57}},"67":{"start":{"line":68,"column":0},"end":{"line":68,"column":47}},"68":{"start":{"line":69,"column":0},"end":{"line":69,"column":71}},"69":{"start":{"line":70,"column":0},"end":{"line":70,"column":71}},"70":{"start":{"line":71,"column":0},"end":{"line":71,"column":55}},"71":{"start":{"line":72,"column":0},"end":{"line":72,"column":65}},"72":{"start":{"line":73,"column":0},"end":{"line":73,"column":63}},"73":{"start":{"line":74,"column":0},"end":{"line":74,"column":67}},"74":{"start":{"line":75,"column":0},"end":{"line":75,"column":57}},"75":{"start":{"line":76,"column":0},"end":{"line":76,"column":53}},"76":{"start":{"line":77,"column":0},"end":{"line":77,"column":38}},"77":{"start":{"line":78,"column":0},"end":{"line":78,"column":3}},"83":{"start":{"line":84,"column":0},"end":{"line":84,"column":97}},"84":{"start":{"line":85,"column":0},"end":{"line":85,"column":49}},"85":{"start":{"line":86,"column":0},"end":{"line":86,"column":86}},"86":{"start":{"line":87,"column":0},"end":{"line":87,"column":86}},"87":{"start":{"line":88,"column":0},"end":{"line":88,"column":70}},"88":{"start":{"line":89,"column":0},"end":{"line":89,"column":80}},"89":{"start":{"line":90,"column":0},"end":{"line":90,"column":78}},"90":{"start":{"line":91,"column":0},"end":{"line":91,"column":82}},"91":{"start":{"line":92,"column":0},"end":{"line":92,"column":72}},"92":{"start":{"line":93,"column":0},"end":{"line":93,"column":67}},"93":{"start":{"line":94,"column":0},"end":{"line":94,"column":4}},"95":{"start":{"line":96,"column":0},"end":{"line":96,"column":86}},"96":{"start":{"line":97,"column":0},"end":{"line":97,"column":42}},"97":{"start":{"line":98,"column":0},"end":{"line":98,"column":2}},"103":{"start":{"line":104,"column":0},"end":{"line":104,"column":33}},"104":{"start":{"line":105,"column":0},"end":{"line":105,"column":37}},"105":{"start":{"line":106,"column":0},"end":{"line":106,"column":37}},"106":{"start":{"line":107,"column":0},"end":{"line":107,"column":37}},"108":{"start":{"line":109,"column":0},"end":{"line":109,"column":44}},"109":{"start":{"line":110,"column":0},"end":{"line":110,"column":33}},"111":{"start":{"line":112,"column":0},"end":{"line":112,"column":27}},"112":{"start":{"line":113,"column":0},"end":{"line":113,"column":64}},"113":{"start":{"line":114,"column":0},"end":{"line":114,"column":74}},"115":{"start":{"line":116,"column":0},"end":{"line":116,"column":48}},"116":{"start":{"line":117,"column":0},"end":{"line":117,"column":35}},"117":{"start":{"line":118,"column":0},"end":{"line":118,"column":18}},"119":{"start":{"line":120,"column":0},"end":{"line":120,"column":76}},"120":{"start":{"line":121,"column":0},"end":{"line":121,"column":3}},"122":{"start":{"line":123,"column":0},"end":{"line":123,"column":16}},"123":{"start":{"line":124,"column":0},"end":{"line":124,"column":2}},"129":{"start":{"line":130,"column":0},"end":{"line":130
[...]
,"/Users/petro/Developer/real/presupuestos/src/lib/shared/currency.ts": {"path":"/Users/petro/Developer/real/presupuestos/src/lib/shared/currency.ts","all":false,"statementMap":{"4":{"start":{"line":5,"column":0},"end":{"line":5,"column":53}},"5":{"start":{"line":6,"column":0},"end":{"line":6,"column":41}},"6":{"start":{"line":7,"column":0},"end":{"line":7,"column":22}},"7":{"start":{"line":8,"column":0},"end":{"line":8,"column":20}},"8":{"start":{"line":9,"column":0},"end":{"line":9,"column":29}},"9":{"start":{"line":10,"column":0},"end":{"line":10,"column":28}},"10":{"start":{"line":11,"column":0},"end":{"line":11,"column":19}},"11":{"start":{"line":12,"column":0},"end":{"line":12,"column":2}},"21":{"start":{"line":22,"column":0},"end":{"line":22,"column":58}},"22":{"start":{"line":23,"column":0},"end":{"line":23,"column":48}},"23":{"start":{"line":24,"column":0},"end":{"line":24,"column":63}},"25":{"start":{"line":26,"column":0},"end":{"line":26,"column":41}},"26":{"start":{"line":27,"column":0},"end":{"line":27,"column":43}},"27":{"start":{"line":28,"column":0},"end":{"line":28,"column":42}},"28":{"start":{"line":29,"column":0},"end":{"line":29,"column":19}},"29":{"start":{"line":30,"column":0},"end":{"line":30,"column":2}}},"s":{"4":1,"5":24,"6":24,"7":24,"8":24,"9":24,"10":24,"11":24,"21":1,"22":7,"23":7,"25":7,"26":7,"27":7,"28":7,"29":7},"branchMap":{"0":{"type":"branch","line":5,"loc":{"start":{"line":5,"column":25},"end":{"line":12,"column":2}},"locations":[{"start":{"line":5,"column":25},"end":{"line":12,"column":2}}]},"1":{"type":"branch","line":22,"loc":{"start":{"line":22,"column":30},"end":{"line":30,"column":2}},"locations":[{"start":{"line":22,"column":30},"end":{"line":30,"column":2}}]},"2":{"type":"branch","line":27,"loc":{"start":{"line":27,"column":27},"end":{"line":27,"column":41}},"locations":[{"start":{"line":27,"column":27},"end":{"line":27,"column":41}}]},"3":{"type":"branch","line":27,"loc":{"start":{"line":27,"column":37},"end":{"line":27,"column":43}},"locations":[{"start":{"line":27,"column":37},"end":{"line":27,"column":43}}]},"4":{"type":"branch","line":28,"loc":{"start":{"line":28,"column":27},"end":{"line":28,"column":41}},"locations":[{"start":{"line":28,"column":27},"end":{"line":28,"column":41}}]},"5":{"type":"branch","line":28,"loc":{"start":{"line":28,"column":37},"end":{"line":28,"column":42}},"locations":[{"start":{"line":28,"column":37},"end":{"line":28,"column":42}}]}},"b":{"0":[24],"1":[7],"2":[3],"3":[4],"4":[3],"5":[4]},"fnMap":{"0":{"name":"formatArs","decl":{"start":{"line":5,"column":25},"end":{"line":12,"column":2}},"loc":{"start":{"line":5,"column":25},"end":{"line":12,"column":2}},"line":5},"1":{"name":"formatQuantity","decl":{"start":{"line":22,"column":30},"end":{"line":30,"column":2}},"loc":{"start":{"line":22,"column":30},"end":{"line":30,"column":2}},"line":22}},"f":{"0":24,"1":7}}
,"/Users/petro/Developer/real/presupuestos/src/lib/shared/navigation.test.ts": {"path":"/Users/petro/Developer/real/presupuestos/src/lib/shared/navigation.test.ts","all":false,"statementMap":{"0":{"start":{"line":1,"column":0},"end":{"line":1,"column":46}},"1":{"start":{"line":2,"column":0},"end":{"line":2,"column":37}},"3":{"start":{"line":4,"column":0},"end":{"line":4,"column":25}},"4":{"start":{"line":5,"column":0},"end":{"line":5,"column":45}},"5":{"start":{"line":6,"column":0},"end":{"line":6,"column":74}},"6":{"start":{"line":7,"column":0},"end":{"line":7,"column":5}},"8":{"start":{"line":9,"column":0},"end":{"line":9,"column":42}},"9":{"start":{"line":10,"column":0},"end":{"line":10,"column":77}},"10":{"start":{"line":11,"column":0},"end":{"line":11,"column":5}},"12":{"start":{"line":13,"column":0},"end":{"line":13,"column":49}},"13":{"start":{"line":14,"column":0},"end":{"line":14,"column":70}},"14":{"start":{"line":15,"column":0},"end":{"line":15,"column":65}},"15":{"start":{"line":16,"column":0},"end":{"line":16,"column":5}},"17":{"start":{"line":18,"column":0},"end":{"line":18,"column":42}},"18":{"start":{"line":19,"column":0},"end":{"line":19,"column":69}},"19":{"start":{"line":20,"column":0},"end":{"line":20,"column":5}},"21":{"start":{"line":22,"column":0},"end":{"line":22,"column":52}},"22":{"start":{"line":23,"column":0},"end":{"line":23,"column":63}},"23":{"start":{"line":24,"column":0},"end":{"line":24,"column":5}},"25":{"start":{"line":26,"column":0},"end":{"line":26,"column":44}},"26":{"start":{"line":27,"column":0},"end":{"line":27,"column":41}},"27":{"start":{"line":28,"column":0},"end":{"line":28,"column":53}},"28":{"start":{"line":29,"column":0},"end":{"line":29,"column":5}},"30":{"start":{"line":31,"column":0},"end":{"line":31,"column":45}},"31":{"start":{"line":32,"column":0},"end":{"line":32,"column":77}},"32":{"start":{"line":33,"column":0},"end":{"line":33,"column":5}},"34":{"start":{"line":35,"column":0},"end":{"line":35,"column":61}},"35":{"start":{"line":36,"column":0},"end":{"line":36,"column":67}},"36":{"start":{"line":37,"column":0},"end":{"line":37,"column":5}},"37":{"start":{"line":38,"column":0},"end":{"line":38,"column":3}}},"s":{"0":1,"1":1,"3":1,"4":1,"5":1,"6":1,"8":1,"9":1,"10":1,"12":1,"13":1,"14":1,"15":1,"17":1,"18":1,"19":1,"21":1,"22":1,"23":1,"25":1,"26":1,"27":1,"28":1,"30":1,"31":1,"32":1,"34":1,"35":1,"36":1,"37":1},"branchMap":{"0":{"type":"branch","line":4,"loc":{"start":{"line":4,"column":18},"end":{"line":38,"column":3}},"locations":[{"start":{"line":4,"column":18},"end":{"line":38,"column":3}}]},"1":{"type":"branch","line":5,"loc":{"start":{"line":5,"column":38},"end":{"line":7,"column":3}},"locations":[{"start":{"line":5,"column":38},"end":{"line":7,"column":3}}]},"2":{"type":"branch","line":9,"loc":{"start":{"line":9,"column":35},"end":{"line":11,"column":3}},"locations":[{"start":{"line":9,"column":35},"end":{"line":11,"column":3}}]},"3":{"type":"branch","line":13,"loc":{"start":{"line":13,"column":42},"end":{"line":16,"column":3}},"locations":[{"start":{"line":13,"column":42},"end":{"line":16,"column":3}}]},"4":{"type":"branch","line":18,"loc":{"start":{"line":18,"column":35},"end":{"line":20,"column":3}},"locations":[{"start":{"line":18,"column":35},"end":{"line":20,"column":3}}]},"5":{"type":"branch","line":22,"loc":{"start":{"line":22,"column":45},"end":{"line":24,"column":3}},"locations":[{"start":{"line":22,"column":45},"end":{"line":24,"column":3}}]},"6":{"type":"branch","line":26,"loc":{"start":{"line":26,"column":37},"end":{"line":29,"column":3}},"locations":[{"start":{"line":26,"column":37},"end":{"line":29,"column":3}}]},"7":{"type":"branch","line":31,"loc":{"start":{"line":31,"column":38},"end":{"line":33,"column":3}},"locations":[{"start":{"line":31,"column":38},"end":{"line":33,"column":3}}]},"8":{"type":"branch","line":35,"loc":{"start":{"line":35,"column":54},"end":{"line":37,"column":3}},"locations":[{"start":{"line":35,"column":54},"end":{"line":37,"column":3}}]}},"b":{"0":[1],"1":[1],"2":[1],"3":[1],"4":[1],"5":[1],"6":[1],"7":[1],"8":[1]},"fnMap":{},"f":{}}
,"/Users/petro/Developer/real/presupuestos/src/lib/shared/navigation.ts": {"path":"/Users/petro/Developer/real/presupuestos/src/lib/shared/navigation.ts","all":false,"statementMap":{"18":{"start":{"line":19,"column":0},"end":{"line":19,"column":85}},"19":{"start":{"line":20,"column":0},"end":{"line":20,"column":89}}},"s":{"18":1,"19":10},"branchMap":{"0":{"type":"branch","line":19,"loc":{"start":{"line":19,"column":21},"end":{"line":20,"column":89}},"locations":[{"start":{"line":19,"column":21},"end":{"line":20,"column":89}}]},"1":{"type":"branch","line":20,"loc":{"start":{"line":20,"column":18},"end":{"line":20,"column":56}},"locations":[{"start":{"line":20,"column":18},"end":{"line":20,"column":56}}]}},"b":{"0":[10],"1":[27]},"fnMap":{"0":{"name":"route","decl":{"start":{"line":19,"column":21},"end":{"line":20,"column":89}},"loc":{"start":{"line":19,"column":21},"end":{"line":20,"column":89}},"line":19}},"f":{"0":10}}
,"/Users/petro/Developer/real/presupuestos/src/lib/supabase/client.ts": {"path":"/Users/petro/Developer/real/presupuestos/src/lib/supabase/client.ts","all":true,"statementMap":{"0":{"start":{"line":1,"column":0},"end":{"line":1,"column":52}},"3":{"start":{"line":4,"column":0},"end":{"line":4,"column":47}},"4":{"start":{"line":5,"column":0},"end":{"line":5,"column":29}},"5":{"start":{"line":6,"column":0},"end":{"line":6,"column":26}},"6":{"start":{"line":7,"column":0},"end":{"line":7,"column":37}},"7":{"start":{"line":8,"column":0},"end":{"line":8,"column":4}},"8":{"start":{"line":9,"column":0},"end":{"line":9,"column":1}}},"s":{"0":0,"3":0,"4":0,"5":0,"6":0,"7":0,"8":0},"branchMap":{"0":{"type":"branch","line":1,"loc":{"start":{"line":1,"column":0},"end":{"line":9,"column":-102}},"locations":[{"start":{"line":1,"column":0},"end":{"line":9,"column":-102}}]}},"b":{"0":[0]},"fnMap":{"0":{"name":"(empty-report)","decl":{"start":{"line":1,"column":0},"end":{"line":9,"column":-102}},"loc":{"start":{"line":1,"column":0},"end":{"line":9,"column":-102}},"line":1}},"f":{"0":0}}
,"/Users/petro/Developer/real/presupuestos/src/lib/supabase/config.test.ts": {"path":"/Users/petro/Developer/real/presupuestos/src/lib/supabase/config.test.ts","all":false,"statementMap":{"0":{"start":{"line":1,"column":0},"end":{"line":1,"column":46}},"1":{"start":{"line":2,"column":0},"end":{"line":2,"column":52}},"3":{"start":{"line":4,"column":0},"end":{"line":4,"column":52}},"4":{"start":{"line":5,"column":0},"end":{"line":5,"column":73}},"5":{"start":{"line":6,"column":0},"end":{"line":6,"column":45}},"6":{"start":{"line":7,"column":0},"end":{"line":7,"column":59}},"7":{"start":{"line":8,"column":0},"end":{"line":8,"column":58}},"8":{"start":{"line":9,"column":0},"end":{"line":9,"column":7}},"10":{"start":{"line":11,"column":0},"end":{"line":11,"column":28}},"11":{"start":{"line":12,"column":0},"end":{"line":12,"column":41}},"12":{"start":{"line":13,"column":0},"end":{"line":13,"column":39}},"13":{"start":{"line":14,"column":0},"end":{"line":14,"column":7}},"14":{"start":{"line":15,"column":0},"end":{"line":15,"column":5}},"16":{"start":{"line":17,"column":0},"end":{"line":17,"column":79}},"17":{"start":{"line":18,"column":0},"end":{"line":18,"column":16}},"18":{"start":{"line":19,"column":0},"end":{"line":19,"column":32}},"19":{"start":{"line":20,"column":0},"end":{"line":20,"column":35}},"20":{"start":{"line":21,"column":0},"end":{"line":21,"column":58}},"21":{"start":{"line":22,"column":0},"end":{"line":22,"column":8}},"22":{"start":{"line":23,"column":0},"end":{"line":23,"column":75}},"23":{"start":{"line":24,"column":0},"end":{"line":24,"column":5}},"25":{"start":{"line":26,"column":0},"end":{"line":26,"column":91}},"26":{"start":{"line":27,"column":0},"end":{"line":27,"column":16}},"27":{"start":{"line":28,"column":0},"end":{"line":28,"column":32}},"28":{"start":{"line":29,"column":0},"end":{"line":29,"column":59}},"29":{"start":{"line":30,"column":0},"end":{"line":30,"column":43}},"30":{"start":{"line":31,"column":0},"end":{"line":31,"column":8}},"31":{"start":{"line":32,"column":0},"end":{"line":32,"column":87}},"32":{"start":{"line":33,"column":0},"end":{"line":33,"column":5}},"33":{"start":{"line":34,"column":0},"end":{"line":34,"column":3}}},"s":{"0":1,"1":1,"3":1,"4":1,"5":1,"6":1,"7":1,"8":1,"10":1,"11":1,"12":1,"13":1,"14":1,"16":1,"17":1,"18":1,"19":1,"20":1,"21":1,"22":1,"23":1,"25":1,"26":1,"27":1,"28":1,"29":1,"30":1,"31":1,"32":1,"33":1},"branchMap":{"0":{"type":"branch","line":4,"loc":{"start":{"line":4,"column":45},"end":{"line":34,"column":3}},"locations":[{"start":{"line":4,"column":45},"end":{"line":34,"column":3}}]},"1":{"type":"branch","line":5,"loc":{"start":{"line":5,"column":66},"end":{"line":15,"column":3}},"locations":[{"start":{"line":5,"column":66},"end":{"line":15,"column":3}}]},"2":{"type":"branch","line":17,"loc":{"start":{"line":17,"column":72},"end":{"line":24,"column":3}},"locations":[{"start":{"line":17,"column":72},"end":{"line":24,"column":3}}]},"3":{"type":"branch","line":18,"loc":{"start":{"line":18,"column":11},"end":{"line":22,"column":8}},"locations":[{"start":{"line":18,"column":11},"end":{"line":22,"column":8}}]},"4":{"type":"branch","line":26,"loc":{"start":{"line":26,"column":84},"end":{"line":33,"column":3}},"locations":[{"start":{"line":26,"column":84},"end":{"line":33,"column":3}}]},"5":{"type":"branch","line":27,"loc":{"start":{"line":27,"column":11},"end":{"line":31,"column":8}},"locations":[{"start":{"line":27,"column":11},"end":{"line":31,"column":8}}]}},"b":{"0":[1],"1":[1],"2":[1],"3":[1],"4":[1],"5":[1]},"fnMap":{},"f":{}}
,"/Users/petro/Developer/real/presupuestos/src/lib/supabase/config.ts": {"path":"/Users/petro/Developer/real/presupuestos/src/lib/supabase/config.ts","all":false,"statementMap":{"0":{"start":{"line":1,"column":0},"end":{"line":1,"column":90}},"7":{"start":{"line":8,"column":0},"end":{"line":8,"column":85}},"9":{"start":{"line":10,"column":0},"end":{"line":10,"column":78}},"10":{"start":{"line":11,"column":0},"end":{"line":11,"column":35}},"12":{"start":{"line":13,"column":0},"end":{"line":13,"column":20}},"13":{"start":{"line":14,"column":0},"end":{"line":14,"column":20}},"14":{"start":{"line":15,"column":0},"end":{"line":15,"column":121}},"15":{"start":{"line":16,"column":0},"end":{"line":16,"column":6}},"16":{"start":{"line":17,"column":0},"end":{"line":17,"column":3}},"18":{"start":{"line":19,"column":0},"end":{"line":19,"column":20}},"19":{"start":{"line":20,"column":0},"end":{"line":20,"column":2}},"21":{"start":{"line":22,"column":0},"end":{"line":22,"column":41}},"22":{"start":{"line":23,"column":0},"end":{"line":23,"column":8}},"25":{"start":{"line":26,"column":0},"end":{"line":26,"column":7}},"26":{"start":{"line":27,"column":0},"end":{"line":27,"column":24}},"27":{"start":{"line":28,"column":0},"end":{"line":28,"column":35}},"28":{"start":{"line":29,"column":0},"end":{"line":29,"column":3}},"29":{"start":{"line":30,"column":0},"end":{"line":30,"column":26}},"30":{"start":{"line":31,"column":0},"end":{"line":31,"column":71}},"31":{"start":{"line":32,"column":0},"end":{"line":32,"column":105}},"32":{"start":{"line":33,"column":0},"end":{"line":33,"column":3}},"34":{"start":{"line":35,"column":0},"end":{"line":35,"column":60}}},"s":{"0":1,"7":1,"9":1,"10":7,"12":7,"13":2,"14":2,"15":2,"16":2,"18":5,"19":5,"21":1,"22":4,"25":4,"26":4,"27":4,"28":4,"29":4,"30":4,"31":4,"32":4,"34":1},"branchMap":{"0":{"type":"branch","line":10,"loc":{"start":{"line":10,"column":24},"end":{"line":20,"column":2}},"locations":[{"start":{"line":10,"column":24},"end":{"line":20,"column":2}}]},"1":{"type":"branch","line":13,"loc":{"start":{"line":13,"column":19},"end":{"line":17,"column":3}},"locations":[{"start":{"line":13,"column":19},"end":{"line":17,"column":3}}]},"2":{"type":"branch","line":17,"loc":{"start":{"line":17,"column":2},"end":{"line":20,"column":2}},"locations":[{"start":{"line":17,"column":2},"end":{"line":20,"column":2}}]},"3":{"type":"branch","line":22,"loc":{"start":{"line":22,"column":40},"end":{"line":33,"column":3}},"locations":[{"start":{"line":22,"column":40},"end":{"line":33,"column":3}}]}},"b":{"0":[7],"1":[2],"2":[5],"3":[4]},"fnMap":{"0":{"name":"requireNonEmpty","decl":{"start":{"line":10,"column":24},"end":{"line":20,"column":2}},"loc":{"start":{"line":10,"column":24},"end":{"line":20,"column":2}},"line":10},"1":{"name":"resolveSupabasePublicEnv","decl":{"start":{"line":22,"column":40},"end":{"line":33,"column":3}},"loc":{"start":{"line":22,"column":40},"end":{"line":33,"column":3}},"line":22}},"f":{"0":7,"1":4}}
,"/Users/petro/Developer/real/presupuestos/src/lib/supabase/server.ts": {"path":"/Users/petro/Developer/real/presupuestos/src/lib/supabase/server.ts","all":true,"statementMap":{"0":{"start":{"line":1,"column":0},"end":{"line":1,"column":51}},"4":{"start":{"line":5,"column":0},"end":{"line":5,"column":62}},"5":{"start":{"line":6,"column":0},"end":{"line":6,"column":28}},"6":{"start":{"line":7,"column":0},"end":{"line":7,"column":26}},"7":{"start":{"line":8,"column":0},"end":{"line":8,"column":37}},"8":{"start":{"line":9,"column":0},"end":{"line":9,"column":5}},"9":{"start":{"line":10,"column":0},"end":{"line":10,"column":16}},"10":{"start":{"line":11,"column":0},"end":{"line":11,"column":39}},"11":{"start":{"line":12,"column":0},"end":{"line":12,"column":35}},"12":{"start":{"line":13,"column":0},"end":{"line":13,"column":64}},"13":{"start":{"line":14,"column":0},"end":{"line":14,"column":38}},"14":{"start":{"line":15,"column":0},"end":{"line":15,"column":24}},"15":{"start":{"line":16,"column":0},"end":{"line":16,"column":25}},"16":{"start":{"line":17,"column":0},"end":{"line":17,"column":15}},"17":{"start":{"line":18,"column":0},"end":{"line":18,"column":11}},"18":{"start":{"line":19,"column":0},"end":{"line":19,"column":10}},"19":{"start":{"line":20,"column":0},"end":{"line":20,"column":8}},"20":{"start":{"line":21,"column":0},"end":{"line":21,"column":6}},"21":{"start":{"line":22,"column":0},"end":{"line":22,"column":4}},"22":{"start":{"line":23,"column":0},"end":{"line":23,"column":1}}},"s":{"0":0,"4":0,"5":0,"6":0,"7":0,"8":0,"9":0,"10":0,"11":0,"12":0,"13":0,"14":0,"15":0,"16":0,"17":0,"18":0,"19":0,"20":0,"21":0,"22":0},"branchMap":{"0":{"type":"branch","line":1,"loc":{"start":{"line":1,"column":0},"end":{"line":23,"column":-130}},"locations":[{"start":{"line":1,"column":0},"end":{"line":23,"column":-130}}]}},"b":{"0":[0]},"fnMap":{"0":{"name":"(empty-report)","decl":{"start":{"line":1,"column":0},"end":{"line":23,"column":-130}},"loc":{"start":{"line":1,"column":0},"end":{"line":23,"column":-130}},"line":1}},"f":{"0":0}}
,"/Users/petro/Developer/real/presupuestos/src/lib/types/budget.ts": {"path":"/Users/petro/Developer/real/presupuestos/src/lib/types/budget.ts","all":true,"statementMap":{},"s":{},"branchMap":{"0":{"type":"branch","line":1,"loc":{"start":{"line":1,"column":203},"end":{"line":12,"column":16}},"locations":[{"start":{"line":1,"column":203},"end":{"line":12,"column":16}}]}},"b":{"0":[1]},"fnMap":{"0":{"name":"(empty-report)","decl":{"start":{"line":1,"column":203},"end":{"line":12,"column":16}},"loc":{"start":{"line":1,"column":203},"end":{"line":12,"column":16}},"line":1}},"f":{"0":1}}
}
